#
# There is insufficient memory for the Java Runtime Environment to continue.
# Native memory allocation (mmap) failed to map 65011712 bytes for G1 virtual space
# Possible reasons:
#   The system is out of physical RAM or swap space
#   The process is running with CompressedOops enabled, and the Java Heap may be blocking the growth of the native heap
# Possible solutions:
#   Reduce memory load on the system
#   Increase physical memory or swap space
#   Check if swap backing store is full
#   Decrease Java heap size (-Xmx/-Xms)
#   Decrease number of Java threads
#   Decrease Java thread stack sizes (-Xss)
#   Set larger code cache with -XX:ReservedCodeCacheSize=
#   JVM is running with Unscaled Compressed Oops mode in which the Java heap is
#     placed in the first 4GB address space. The Java Heap base address is the
#     maximum limit for the native heap growth. Please use -XX:HeapBaseMinAddress
#     to set the Java Heap base and to place the Java Heap above 4GB virtual address.
# This output file may be truncated or incomplete.
#
#  Out of Memory Error (os_windows.cpp:3825), pid=5436, tid=2176
#
# JRE version:  (17.0.9) (build )
# Java VM: OpenJDK 64-Bit Server VM (17.0.9+0--11185874, mixed mode, sharing, tiered, compressed oops, compressed class ptrs, g1 gc, windows-amd64)
# No core dump will be written. Minidumps are not enabled by default on client versions of Windows
#

---------------  S U M M A R Y ------------

Command Line: 

Host: Intel(R) Pentium(R) CPU 6405U @ 2.40GHz, 4 cores, 3G,  Windows 10 , 64 bit Build 19041 (10.0.19041.3636)
Time: Mon Jul  8 16:38:24 2024 Pacific Daylight Time elapsed time: 0.328328 seconds (0d 0h 0m 0s)

---------------  T H R E A D  ---------------

Current thread (0x000001b1c2dd42b0):  JavaThread "Unknown thread" [_thread_in_vm, id=2176, stack(0x0000008e77800000,0x0000008e77900000)]

Stack: [0x0000008e77800000,0x0000008e77900000]
Native frames: (J=compiled Java code, j=interpreted, Vv=VM code, C=native code)
V  [jvm.dll+0x6886e9]
V  [jvm.dll+0x841e4a]
V  [jvm.dll+0x843a8e]
V  [jvm.dll+0x8440f3]
V  [jvm.dll+0x24c14f]
V  [jvm.dll+0x685499]
V  [jvm.dll+0x679c2a]
V  [jvm.dll+0x30cf9b]
V  [jvm.dll+0x314446]
V  [jvm.dll+0x36425e]
V  [jvm.dll+0x36448f]
V  [jvm.dll+0x2e2d68]
V  [jvm.dll+0x2e3cd4]
V  [jvm.dll+0x8129f1]
V  [jvm.dll+0x3720c1]
V  [jvm.dll+0x7f152c]
V  [jvm.dll+0x3f5d4f]
V  [jvm.dll+0x3f7981]
C  [jli.dll+0x528f]
C  [ucrtbase.dll+0x21bb2]
C  [KERNEL32.DLL+0x17344]
C  [ntdll.dll+0x4cc91]


---------------  P R O C E S S  ---------------

Threads class SMR info:
_java_thread_list=0x00007ff80435ef18, length=0, elements={
}

Java Threads: ( => current thread )

Other Threads:
  0x000001b1c2e0f7a0 GCTaskThread "GC Thread#0" [stack: 0x0000008e77900000,0x0000008e77a00000] [id=21728]
  0x000001b1c2e180f0 ConcurrentGCThread "G1 Main Marker" [stack: 0x0000008e77a00000,0x0000008e77b00000] [id=12592]
  0x000001b1c2e18b10 ConcurrentGCThread "G1 Conc#0" [stack: 0x0000008e77b00000,0x0000008e77c00000] [id=18988]

[error occurred during error reporting (printing all threads), id 0xc0000005, EXCEPTION_ACCESS_VIOLATION (0xc0000005) at pc=0x00007ff803b13937]

VM state: not at safepoint (not fully initialized)

VM Mutex/Monitor currently owned by a thread:  ([mutex/lock_event])
[0x000001b1c2dcf9f0] Heap_lock - owner thread: 0x000001b1c2dd42b0

Heap address: 0x00000000c3000000, size: 976 MB, Compressed Oops mode: 32-bit

CDS archive(s) mapped at: [0x0000000000000000-0x0000000000000000-0x0000000000000000), size 0, SharedBaseAddress: 0x0000000800000000, ArchiveRelocationMode: 1.
Narrow klass base: 0x0000000000000000, Narrow klass shift: 0, Narrow klass range: 0x0

GC Precious Log:
<Empty>

Heap:
 garbage-first heap   total 0K, used 0K [0x00000000c3000000, 0x0000000100000000)
  region size 1024K, 0 young (0K), 0 survivors (0K)
 Metaspace       used 0K, committed 0K, reserved 0K
  class space    used 0K, committed 0K, reserved 0K

Heap Regions: E=young(eden), S=young(survivor), O=old, HS=humongous(starts), HC=humongous(continues), CS=collection set, F=free, OA=open archive, CA=closed archive, TAMS=top-at-mark-start (previous, next)

Card table byte_map: [0x000001b1d52b0000,0x000001b1d54a0000] _byte_map_base: 0x000001b1d4c98000

Marking Bits (Prev, Next): (CMBitMap*) 0x000001b1c2e0fdc0, (CMBitMap*) 0x000001b1c2e0fe00
 Prev Bits: [0x000001b1d5690000, 0x000001b1d65d0000)
 Next Bits: [0x000001b1d65d0000, 0x000001b1d7510000)

GC Heap History (0 events):
No events

Dll operation events (1 events):
Event: 0.158 Loaded shared library C:\Program Files\Android\Android Studio\jbr\bin\java.dll

Deoptimization events (0 events):
No events

Classes unloaded (0 events):
No events

Classes redefined (0 events):
No events

Internal exceptions (0 events):
No events

VM Operations (0 events):
No events

Events (0 events):
No events


Dynamic libraries:
0x00007ff640fa0000 - 0x00007ff640faa000 	C:\Program Files\Android\Android Studio\jbr\bin\java.EXE
0x00007ff8c0190000 - 0x00007ff8c0388000 	C:\windows\SYSTEM32\ntdll.dll
0x00007ff87fcc0000 - 0x00007ff87fcd9000 	C:\Program Files\Avast Software\Avast\aswhook.dll
0x00007ff8be930000 - 0x00007ff8be9ed000 	C:\windows\System32\KERNEL32.DLL
0x00007ff8bd850000 - 0x00007ff8bdb46000 	C:\windows\System32\KERNELBASE.dll
0x00007ff8bdd60000 - 0x00007ff8bde60000 	C:\windows\System32\ucrtbase.dll
0x00007ff8b5c00000 - 0x00007ff8b5c1b000 	C:\Program Files\Android\Android Studio\jbr\bin\VCRUNTIME140.dll
0x00007ff8b5ca0000 - 0x00007ff8b5cb7000 	C:\Program Files\Android\Android Studio\jbr\bin\jli.dll
0x00007ff8bec70000 - 0x00007ff8bee0f000 	C:\windows\System32\USER32.dll
0x00007ff8bdd30000 - 0x00007ff8bdd52000 	C:\windows\System32\win32u.dll
0x00007ff8be420000 - 0x00007ff8be44b000 	C:\windows\System32\GDI32.dll
0x00007ff8be010000 - 0x00007ff8be127000 	C:\windows\System32\gdi32full.dll
0x00007ff8bcbb0000 - 0x00007ff8bce4a000 	C:\windows\WinSxS\amd64_microsoft.windows.common-controls_6595b64144ccf1df_6.0.19041.4355_none_60b8b9eb71f62e16\COMCTL32.dll
0x00007ff8be130000 - 0x00007ff8be1cd000 	C:\windows\System32\msvcp_win.dll
0x00007ff8bf810000 - 0x00007ff8bf8ae000 	C:\windows\System32\msvcrt.dll
0x00007ff8bf9b0000 - 0x00007ff8bf9df000 	C:\windows\System32\IMM32.DLL
0x00007ff8bba40000 - 0x00007ff8bba4c000 	C:\Program Files\Android\Android Studio\jbr\bin\vcruntime140_1.dll
0x00007ff8a65d0000 - 0x00007ff8a665d000 	C:\Program Files\Android\Android Studio\jbr\bin\msvcp140.dll
0x00007ff803820000 - 0x00007ff8044a3000 	C:\Program Files\Android\Android Studio\jbr\bin\server\jvm.dll
0x00007ff8be9f0000 - 0x00007ff8beaa0000 	C:\windows\System32\ADVAPI32.dll
0x00007ff8bf910000 - 0x00007ff8bf9b0000 	C:\windows\System32\sechost.dll
0x00007ff8bef30000 - 0x00007ff8bf053000 	C:\windows\System32\RPCRT4.dll
0x00007ff8bdcb0000 - 0x00007ff8bdcd7000 	C:\windows\System32\bcrypt.dll
0x00007ff8bd6a0000 - 0x00007ff8bd6eb000 	C:\windows\SYSTEM32\POWRPROF.dll
0x00007ff89f970000 - 0x00007ff89f979000 	C:\windows\SYSTEM32\WSOCK32.dll
0x00007ff8bebd0000 - 0x00007ff8bec3b000 	C:\windows\System32\WS2_32.dll
0x00007ff8927a0000 - 0x00007ff8927c7000 	C:\windows\SYSTEM32\WINMM.dll
0x00007ff8b9cd0000 - 0x00007ff8b9cda000 	C:\windows\SYSTEM32\VERSION.dll
0x00007ff8bd680000 - 0x00007ff8bd692000 	C:\windows\SYSTEM32\UMPDC.dll
0x00007ff8bb360000 - 0x00007ff8bb372000 	C:\windows\SYSTEM32\kernel.appcore.dll
0x00007ff8bb880000 - 0x00007ff8bb88a000 	C:\Program Files\Android\Android Studio\jbr\bin\jimage.dll
0x00007ff8bd230000 - 0x00007ff8bd414000 	C:\windows\SYSTEM32\DBGHELP.DLL
0x00007ff8bd110000 - 0x00007ff8bd144000 	C:\windows\SYSTEM32\dbgcore.DLL
0x00007ff8bdf80000 - 0x00007ff8be002000 	C:\windows\System32\bcryptPrimitives.dll
0x00007ff8aa270000 - 0x00007ff8aa295000 	C:\Program Files\Android\Android Studio\jbr\bin\java.dll

dbghelp: loaded successfully - version: 4.0.5 - missing functions: none
symbol engine: initialized successfully - sym options: 0x614 - pdb path: .;C:\Program Files\Android\Android Studio\jbr\bin;C:\windows\SYSTEM32;C:\Program Files\Avast Software\Avast;C:\windows\WinSxS\amd64_microsoft.windows.common-controls_6595b64144ccf1df_6.0.19041.4355_none_60b8b9eb71f62e16;C:\Program Files\Android\Android Studio\jbr\bin\server

VM Arguments:
java_command: <unknown>
java_class_path (initial): <not set>
Launcher Type: SUN_STANDARD

[Global flags]
     intx CICompilerCount                          = 3                                         {product} {ergonomic}
     uint ConcGCThreads                            = 1                                         {product} {ergonomic}
     uint G1ConcRefinementThreads                  = 4                                         {product} {ergonomic}
   size_t G1HeapRegionSize                         = 1048576                                   {product} {ergonomic}
    uintx GCDrainStackTargetSize                   = 64                                        {product} {ergonomic}
   size_t InitialHeapSize                          = 65011712                                  {product} {ergonomic}
   size_t MarkStackSize                            = 4194304                                   {product} {ergonomic}
   size_t MaxHeapSize                              = 1023410176                                {product} {ergonomic}
   size_t MinHeapDeltaBytes                        = 1048576                                   {product} {ergonomic}
   size_t MinHeapSize                              = 8388608                                   {product} {ergonomic}
    uintx NonNMethodCodeHeapSize                   = 5832780                                {pd product} {ergonomic}
    uintx NonProfiledCodeHeapSize                  = 122912730                              {pd product} {ergonomic}
    uintx ProfiledCodeHeapSize                     = 122912730                              {pd product} {ergonomic}
    uintx ReservedCodeCacheSize                    = 251658240                              {pd product} {ergonomic}
     bool SegmentedCodeCache                       = true                                      {product} {ergonomic}
   size_t SoftMaxHeapSize                          = 1023410176                             {manageable} {ergonomic}
     bool UseCompressedClassPointers               = true                           {product lp64_product} {ergonomic}
     bool UseCompressedOops                        = true                           {product lp64_product} {ergonomic}
     bool UseG1GC                                  = true                                      {product} {ergonomic}
     bool UseLargePagesIndividualAllocation        = false                                  {pd product} {ergonomic}

Logging:
Log output configuration:
 #0: stdout all=warning uptime,level,tags
 #1: stderr all=off uptime,level,tags

Environment Variables:
JAVA_HOME=C:\Program Files\Android\Android Studio\jbr
PATH=C:\Program Files\Android\Android Studio\jbr\bin;C:\windows\system32;C:\windows;C:\windows\System32\Wbem;C:\windows\System32\WindowsPowerShell\v1.0\;C:\windows\System32\OpenSSH\;C:\Program Files\HP\HP One Agent;C:\Program Files\nodejs\;C:\Program Files\Git\cmd;C:\Users\User\AppData\Local\Microsoft\WindowsApps;C:\Users\User\AppData\Local\Programs\Microsoft VS Code\bin;C:\Users\User\AppData\Roaming\npm;C:\Users\User\Desktop\flutter\bin;C:\Program Files\Git\bin;C:\Users\User\AppData\Local\Pub\Cache\bin;;C:\Users\User\Desktop\flutter\bin\mingit\cmd;C:\Users\User\Desktop\flutter\bin\mingit\cmd
USERNAME=User
OS=Windows_NT
PROCESSOR_IDENTIFIER=Intel64 Family 6 Model 142 Stepping 12, GenuineIntel
TMP=C:\Users\User\AppData\Local\Temp
TEMP=C:\Users\User\AppData\Local\Temp



Periodic native trim disabled

JNI global refs:
JNI global refs: 0, weak refs: 0

JNI global refs memory usage: 0, weak refs: 0

OOME stack traces (most recent first):
Classloader memory used:


---------------  S Y S T E M  ---------------

OS:
 Windows 10 , 64 bit Build 19041 (10.0.19041.3636)
OS uptime: 5 days 23:57 hours

CPU: total 4 (initial active 4) (2 cores per cpu, 2 threads per core) family 6 model 142 stepping 12 microcode 0xde, cx8, cmov, fxsr, ht, mmx, 3dnowpref, sse, sse2, sse3, ssse3, sse4.1, sse4.2, popcnt, lzcnt, tsc, tscinvbit, aes, erms, clmul, clflush, clflushopt
Processor Information for processor 0
  Max Mhz: 2400, Current Mhz: 2400, Mhz Limit: 2400
Processor Information for processor 1
  Max Mhz: 2400, Current Mhz: 1500, Mhz Limit: 2400
Processor Information for processor 2
  Max Mhz: 2400, Current Mhz: 2400, Mhz Limit: 2400
Processor Information for processor 3
  Max Mhz: 2400, Current Mhz: 1500, Mhz Limit: 2400

Memory: 4k page, system-wide physical 3900M (132M free)
TotalPageFile size 15676M (AvailPageFile size 16M)
current process WorkingSet (physical memory assigned to process): 10M, peak: 10M
current process commit charge ("private bytes"): 51M, peak: 113M

vm_info: OpenJDK 64-Bit Server VM (17.0.9+0--11185874) for windows-amd64 JRE (17.0.9+0--11185874), built on Dec  6 2023 18:57:44 by "androidbuild" with MS VC++ 16.10 / 16.11 (VS2019)

END.
