#
# A fatal error has been detected by the Java Runtime Environment:
#
#  EXCEPTION_ACCESS_VIOLATION (0xc0000005) at pc=0x00007ff8bb881be9, pid=10068, tid=6868
#
# JRE version:  (17.0.9) (build )
# Java VM: OpenJDK 64-Bit Server VM (17.0.9+0--11185874, mixed mode, sharing, tiered, unknown gc, windows-amd64)
# Problematic frame:
# C  [jimage.dll+0x1be9]
#
# No core dump will be written. Minidumps are not enabled by default on client versions of Windows
#
#

---------------  S U M M A R Y ------------

Command Line: 

Host: Intel(R) Pentium(R) CPU 6405U @ 2.40GHz, 4 cores, 3G,  Windows 10 , 64 bit Build 19041 (10.0.19041.3636)
Time: Mon Jul  8 16:33:45 2024 Pacific Daylight Time elapsed time: 0.037754 seconds (0d 0h 0m 0s)

---------------  T H R E A D  ---------------

Current thread is native thread

Stack: [0x0000009eddd00000,0x0000009edde00000],  sp=0x0000009edddfd290,  free space=1012k
Native frames: (J=compiled Java code, j=interpreted, Vv=VM code, C=native code)
C  [jimage.dll+0x1be9]


siginfo: EXCEPTION_ACCESS_VIOLATION (0xc0000005), reading address 0x0000000000016a9c


Registers:
RAX=0x0000000000005aa0, RBX=0x0000009edddfd381, RCX=0x00007ff8bb886000, RDX=0x0000000000005aa0
RSP=0x0000009edddfd290, RBP=0x0000009edddfd380, RSI=0x0000000000006ef3, RDI=0x0000009edddfd380
R8 =0x00007ff8bb884288, R9 =0x000000000000001c, R10=0x00007ff8b5c00000, R11=0x00007ff8bb886000
R12=0x0000000000000001, R13=0x0000022fb26b0200, R14=0x0000009edddfe3f0, R15=0x00007ff8041660d8
RIP=0x00007ff8bb881be9, EFLAGS=0x0000000000010246


Top of Stack: (sp=0x0000009edddfd290)
0x0000009edddfd290:   0000000000000000 00007ff8bb880108
0x0000009edddfd2a0:   0000000000000070 0000000000000000
0x0000009edddfd2b0:   0000022fb26b9ce0 00007ff8bb881d77
0x0000009edddfd2c0:   000000000000000b 0000022fb26b9ce0
0x0000009edddfd2d0:   0000000000000000 0000000000000000
0x0000009edddfd2e0:   0000000000000000 0000000000000000
0x0000009edddfd2f0:   0000000000000000 0000000000000000
0x0000009edddfd300:   0000000000000000 0000000000000000
0x0000009edddfd310:   0000000000020000 0000009edddfd340
0x0000009edddfd320:   0000eb931bb17c59 0000009edddfd340
0x0000009edddfd330:   00007ff804144940 0000000000000017
0x0000009edddfd340:   0000022fb26b9ce0 0000009edddfe3f0
0x0000009edddfd350:   000000000000000b 00007ff8bb882655
0x0000009edddfd360:   0000000000000000 0000000000000000
0x0000009edddfd370:   0000000000000000 0000009edddfd820
0x0000009edddfd380:   61622e6176616a2f 692f6b646a2f6573
0x0000009edddfd390:   2f6c616e7265746e 6f6974706f2f6d76
0x0000009edddfd3a0:   00007ff8bb00736e 0000009edddfd9d0
0x0000009edddfd3b0:   0000009edddfd4c0 000003f000007000
0x0000009edddfd3c0:   0000009edddfdb30 0000000000000008
0x0000009edddfd3d0:   00007ff8c02b0000 0000009edddfd550
0x0000009edddfd3e0:   00007ff801000020 0000009edddfda20
0x0000009edddfd3f0:   0000000000000005 0000000000000000
0x0000009edddfd400:   0000000000000000 0000000000000000
0x0000009edddfd410:   0000c02600000000 0000000000000000
0x0000009edddfd420:   0000000100000018 0000000000000000
0x0000009edddfd430:   0000000000000000 00007ff800800000
0x0000009edddfd440:   0000009edddfd540 0000000000000007
0x0000009edddfd450:   0000022fb26c2aa0 00007ff8c01e5f75
0x0000009edddfd460:   0000000000000001 000000000000a000
0x0000009edddfd470:   0000000000000000 0000022fb2880e40
0x0000009edddfd480:   00007ff8bb880108 0000022f00200000 

Instructions: (pc=0x00007ff8bb881be9)
0x00007ff8bb881ae9:   48 85 c9 74 1d 80 3d 1b 45 00 00 00 74 06 48 8b
0x00007ff8bb881af9:   53 18 eb 04 48 8b 53 40 e8 ae 0e 00 00 48 83 63
0x00007ff8bb881b09:   48 00 8b 4b 0c 83 f9 ff 74 09 e8 e4 0c 00 00 83
0x00007ff8bb881b19:   4b 0c ff 48 8b 4b 70 48 85 c9 74 0f ba 10 00 00
0x00007ff8bb881b29:   00 e8 fd 0e 00 00 48 83 63 70 00 48 83 c4 20 5b
0x00007ff8bb881b39:   c3 cc cc 40 53 48 83 ec 20 48 8b d9 48 8d 0d d4
0x00007ff8bb881b49:   46 00 00 e8 b3 0c 00 00 83 6b 08 01 75 24 48 8b
0x00007ff8bb881b59:   d3 48 8d 0d b7 44 00 00 e8 22 08 00 00 48 8b cb
0x00007ff8bb881b69:   e8 de fe ff ff ba 78 00 00 00 48 8b cb e8 b1 0e
0x00007ff8bb881b79:   00 00 48 8d 0d 9e 46 00 00 48 83 c4 20 5b e9 80
0x00007ff8bb881b89:   0c 00 00 48 89 5c 24 08 48 89 74 24 10 57 48 83
0x00007ff8bb881b99:   ec 20 41 8b f1 4d 8b c8 48 8b fa 4c 8b d9 4d 85
0x00007ff8bb881ba9:   c0 74 78 85 f6 74 74 44 8a 12 48 8d 5a 01 48 8b
0x00007ff8bb881bb9:   d3 b8 93 01 00 01 eb 12 69 c0 93 01 00 01 41 0f
0x00007ff8bb881bc9:   b6 ca 44 8a 12 33 c1 48 ff c2 45 84 d2 75 e9 4d
0x00007ff8bb881bd9:   8b 03 0f ba f0 1f 33 d2 49 8b cb f7 f6 48 63 c2
0x00007ff8bb881be9:   41 8b 14 81 41 ff 50 08 85 c0 7e 24 8a 0f eb 10
0x00007ff8bb881bf9:   69 c0 93 01 00 01 0f b6 c9 33 c1 8a 0b 48 ff c3
0x00007ff8bb881c09:   84 c9 75 ec 0f ba f0 1f 33 d2 f7 f6 8b c2 eb 0e
0x00007ff8bb881c19:   79 09 83 c9 ff 2b c8 8b c1 eb 03 83 c8 ff 48 8b
0x00007ff8bb881c29:   5c 24 30 48 8b 74 24 38 48 83 c4 20 5f c3 cc 48
0x00007ff8bb881c39:   89 5c 24 08 48 89 74 24 10 57 48 83 ec 20 48 8b
0x00007ff8bb881c49:   f1 48 8d 0d cf 45 00 00 e8 ae 0b 00 00 33 ff 39
0x00007ff8bb881c59:   3d ba 43 00 00 76 24 48 8b 05 b9 43 00 00 48 8b
0x00007ff8bb881c69:   d6 48 8b 1c f8 48 8b 0b e8 64 1e 00 00 85 c0 74
0x00007ff8bb881c79:   2b ff c7 3b 3d 96 43 00 00 72 dc 33 db 48 8d 0d
0x00007ff8bb881c89:   93 45 00 00 e8 7a 0b 00 00 48 8b 74 24 38 48 8b
0x00007ff8bb881c99:   c3 48 8b 5c 24 30 48 83 c4 20 5f c3 ff 43 08 eb
0x00007ff8bb881ca9:   dc cc cc 48 89 5c 24 08 48 89 74 24 10 57 48 83
0x00007ff8bb881cb9:   ec 20 48 8b d9 48 8b f2 48 8b 49 10 49 8b f8 8b
0x00007ff8bb881cc9:   53 30 48 8b 01 ff 50 20 4c 8b 43 50 48 8b d6 48
0x00007ff8bb881cd9:   8b 4b 10 44 8b c8 e8 a8 fe ff ff 83 f8 ff 74 38 



---------------  P R O C E S S  ---------------

VM state: not at safepoint (not fully initialized)

VM Mutex/Monitor currently owned by a thread: None

GC Precious Log:
<Not initialized>


Dynamic libraries:
0x00007ff640fa0000 - 0x00007ff640faa000 	C:\Program Files\Android\Android Studio\jbr\bin\java.exe
0x00007ff8c0190000 - 0x00007ff8c0388000 	C:\windows\SYSTEM32\ntdll.dll
0x00007ff87fcc0000 - 0x00007ff87fcd9000 	C:\Program Files\Avast Software\Avast\aswhook.dll
0x00007ff8be930000 - 0x00007ff8be9ed000 	C:\windows\System32\KERNEL32.DLL
0x00007ff8bd850000 - 0x00007ff8bdb46000 	C:\windows\System32\KERNELBASE.dll
0x00007ff8bdd60000 - 0x00007ff8bde60000 	C:\windows\System32\ucrtbase.dll
0x00007ff8b5ca0000 - 0x00007ff8b5cb7000 	C:\Program Files\Android\Android Studio\jbr\bin\jli.dll
0x00007ff8b5c00000 - 0x00007ff8b5c1b000 	C:\Program Files\Android\Android Studio\jbr\bin\VCRUNTIME140.dll
0x00007ff8bec70000 - 0x00007ff8bee0f000 	C:\windows\System32\USER32.dll
0x00007ff8bdd30000 - 0x00007ff8bdd52000 	C:\windows\System32\win32u.dll
0x00007ff8bcbb0000 - 0x00007ff8bce4a000 	C:\windows\WinSxS\amd64_microsoft.windows.common-controls_6595b64144ccf1df_6.0.19041.4355_none_60b8b9eb71f62e16\COMCTL32.dll
0x00007ff8be420000 - 0x00007ff8be44b000 	C:\windows\System32\GDI32.dll
0x00007ff8be010000 - 0x00007ff8be127000 	C:\windows\System32\gdi32full.dll
0x00007ff8be130000 - 0x00007ff8be1cd000 	C:\windows\System32\msvcp_win.dll
0x00007ff8bf810000 - 0x00007ff8bf8ae000 	C:\windows\System32\msvcrt.dll
0x00007ff8bf9b0000 - 0x00007ff8bf9df000 	C:\windows\System32\IMM32.DLL
0x00007ff8bba40000 - 0x00007ff8bba4c000 	C:\Program Files\Android\Android Studio\jbr\bin\vcruntime140_1.dll
0x00007ff8a65d0000 - 0x00007ff8a665d000 	C:\Program Files\Android\Android Studio\jbr\bin\msvcp140.dll
0x00007ff803820000 - 0x00007ff8044a3000 	C:\Program Files\Android\Android Studio\jbr\bin\server\jvm.dll
0x00007ff8be9f0000 - 0x00007ff8beaa0000 	C:\windows\System32\ADVAPI32.dll
0x00007ff8bf910000 - 0x00007ff8bf9b0000 	C:\windows\System32\sechost.dll
0x00007ff8bef30000 - 0x00007ff8bf053000 	C:\windows\System32\RPCRT4.dll
0x00007ff8bdcb0000 - 0x00007ff8bdcd7000 	C:\windows\System32\bcrypt.dll
0x00007ff89f970000 - 0x00007ff89f979000 	C:\windows\SYSTEM32\WSOCK32.dll
0x00007ff8bd6a0000 - 0x00007ff8bd6eb000 	C:\windows\SYSTEM32\POWRPROF.dll
0x00007ff8bebd0000 - 0x00007ff8bec3b000 	C:\windows\System32\WS2_32.dll
0x00007ff8927a0000 - 0x00007ff8927c7000 	C:\windows\SYSTEM32\WINMM.dll
0x00007ff8b9cd0000 - 0x00007ff8b9cda000 	C:\windows\SYSTEM32\VERSION.dll
0x00007ff8bd680000 - 0x00007ff8bd692000 	C:\windows\SYSTEM32\UMPDC.dll
0x00007ff8bb360000 - 0x00007ff8bb372000 	C:\windows\SYSTEM32\kernel.appcore.dll
0x00007ff8bb880000 - 0x00007ff8bb88a000 	C:\Program Files\Android\Android Studio\jbr\bin\jimage.dll

dbghelp: loading error: 1455
symbol engine: initialization error.

VM Arguments:
java_command: <unknown>
java_class_path (initial): <not set>
Launcher Type: SUN_STANDARD

[Global flags]
     bool UseLargePagesIndividualAllocation        = false                                  {pd product} {ergonomic}

Logging:
Log output configuration:
 #0: stdout all=warning uptime,level,tags
 #1: stderr all=off uptime,level,tags

Environment Variables:
JAVA_HOME=C:\Program Files\Android\Android Studio\jbr
CLASSPATH=C:\Users\User\benny\android\\gradle\wrapper\gradle-wrapper.jar
PATH=C:\Program Files\Android\Android Studio\jbr\bin;C:\windows\system32;C:\windows;C:\windows\System32\Wbem;C:\windows\System32\WindowsPowerShell\v1.0\;C:\windows\System32\OpenSSH\;C:\Program Files\HP\HP One Agent;C:\Program Files\nodejs\;C:\Program Files\Git\cmd;C:\Users\User\AppData\Local\Microsoft\WindowsApps;C:\Users\User\AppData\Local\Programs\Microsoft VS Code\bin;C:\Users\User\AppData\Roaming\npm;C:\Users\User\Desktop\flutter\bin;C:\Program Files\Git\bin;C:\Users\User\AppData\Local\Pub\Cache\bin;;C:\Users\User\Desktop\flutter\bin\mingit\cmd;C:\Users\User\Desktop\flutter\bin\mingit\cmd
USERNAME=User
OS=Windows_NT
PROCESSOR_IDENTIFIER=Intel64 Family 6 Model 142 Stepping 12, GenuineIntel
TMP=C:\Users\User\AppData\Local\Temp
TEMP=C:\Users\User\AppData\Local\Temp



Periodic native trim disabled

JNI global refs:
JNI global refs: 0, weak refs: 0

JNI global refs memory usage: 0, weak refs: 0

OOME stack traces (most recent first):
Classloader memory used:
Not available (crashed in non-Java thread)

---------------  S Y S T E M  ---------------

OS:
 Windows 10 , 64 bit Build 19041 (10.0.19041.3636)
OS uptime: 5 days 23:53 hours

CPU: total 4 (initial active 0) 
Processor Information for all 4 processors :
  Max Mhz: 2400, Current Mhz: 2400, Mhz Limit: 2400

Memory: 4k page, system-wide physical 3900M (72M free)
TotalPageFile size 15676M (AvailPageFile size 0M)
current process WorkingSet (physical memory assigned to process): 6M, peak: 6M
current process commit charge ("private bytes"): 2M, peak: 2M

vm_info: OpenJDK 64-Bit Server VM (17.0.9+0--11185874) for windows-amd64 JRE (17.0.9+0--11185874), built on Dec  6 2023 18:57:44 by "androidbuild" with MS VC++ 16.10 / 16.11 (VS2019)

END.
