#
# There is insufficient memory for the Java Runtime Environment to continue.
# Native memory allocation (malloc) failed to allocate 32744 bytes for ChunkPool::allocate
# Possible reasons:
#   The system is out of physical RAM or swap space
#   The process is running with CompressedOops enabled, and the Java Heap may be blocking the growth of the native heap
# Possible solutions:
#   Reduce memory load on the system
#   Increase physical memory or swap space
#   Check if swap backing store is full
#   Decrease Java heap size (-Xmx/-Xms)
#   Decrease number of Java threads
#   Decrease Java thread stack sizes (-Xss)
#   Set larger code cache with -XX:ReservedCodeCacheSize=
#   JVM is running with Unscaled Compressed Oops mode in which the Java heap is
#     placed in the first 4GB address space. The Java Heap base address is the
#     maximum limit for the native heap growth. Please use -XX:HeapBaseMinAddress
#     to set the Java Heap base and to place the Java Heap above 4GB virtual address.
# This output file may be truncated or incomplete.
#
#  Out of Memory Error (arena.cpp:79), pid=4144, tid=3468
#
# JRE version: OpenJDK Runtime Environment (17.0.9) (build 17.0.9+0--11185874)
# Java VM: OpenJDK 64-Bit Server VM (17.0.9+0--11185874, mixed mode, tiered, compressed oops, compressed class ptrs, g1 gc, windows-amd64)
# No core dump will be written. Minidumps are not enabled by default on client versions of Windows
#

---------------  S U M M A R Y ------------

Command Line: -Dorg.gradle.appname=gradlew org.gradle.wrapper.GradleWrapperMain -q -Ptarget-platform=android-arm64 -Ptarget=C:\Users\User\benny\lib\main.dart -Pbase-application-name=android.app.Application -Pdart-defines=RkxVVFRFUl9XRUJfQVVUT19ERVRFQ1Q9dHJ1ZQ==,RkxVVFRFUl9XRUJfQ0FOVkFTS0lUX1VSTD1odHRwczovL3d3dy5nc3RhdGljLmNvbS9mbHV0dGVyLWNhbnZhc2tpdC9jNGNkNDhlMTg2NDYwYjMyZDQ0NTg1Y2UzYzEwMzI3MWFiNjc2MzU1Lw== -Pdart-obfuscation=false -Ptrack-widget-creation=true -Ptree-shake-icons=false -Pfilesystem-scheme=org-dartlang-root assembleDebug

Host: Intel(R) Pentium(R) CPU 6405U @ 2.40GHz, 4 cores, 3G,  Windows 10 , 64 bit Build 19041 (10.0.19041.3636)
Time: Thu Jun 20 15:16:17 2024 Pacific Daylight Time elapsed time: 4.932741 seconds (0d 0h 0m 4s)

---------------  T H R E A D  ---------------

Current thread (0x000001ffae9ec4a0):  JavaThread "C2 CompilerThread0" daemon [_thread_in_native, id=3468, stack(0x0000008edf700000,0x0000008edf800000)]


Current CompileTask:
C2:   4932  766  s!   4       jdk.internal.loader.URLClassPath::getLoader (194 bytes)

Stack: [0x0000008edf700000,0x0000008edf800000]
Native frames: (J=compiled Java code, j=interpreted, Vv=VM code, C=native code)
V  [jvm.dll+0x6886e9]
V  [jvm.dll+0x841e4a]
V  [jvm.dll+0x843a8e]
V  [jvm.dll+0x8440f3]
V  [jvm.dll+0x24c14f]
V  [jvm.dll+0xac66c]
V  [jvm.dll+0xaca9c]
V  [jvm.dll+0x613d40]
V  [jvm.dll+0x613ed9]
V  [jvm.dll+0x619aa7]
V  [jvm.dll+0x61a932]
V  [jvm.dll+0x618e84]
V  [jvm.dll+0x21dc28]
V  [jvm.dll+0x21d1d1]
V  [jvm.dll+0x1a674d]
V  [jvm.dll+0x22d088]
V  [jvm.dll+0x22b1c0]
V  [jvm.dll+0x7f62f7]
V  [jvm.dll+0x7f06aa]
V  [jvm.dll+0x687565]
C  [ucrtbase.dll+0x21bb2]
C  [KERNEL32.DLL+0x17344]
C  [ntdll.dll+0x4cc91]


---------------  P R O C E S S  ---------------

Threads class SMR info:
_java_thread_list=0x000001ffaeb228b0, length=12, elements={
0x000001ff97965610, 0x000001ffae762610, 0x000001ffae763490, 0x000001ffae9e99c0,
0x000001ffae9ea380, 0x000001ffae9ead40, 0x000001ffae9eb700, 0x000001ffae9ec4a0,
0x000001ffae9ede70, 0x000001ffae7ac800, 0x000001ffaeb3c9b0, 0x000001ffaeb40560
}

Java Threads: ( => current thread )
  0x000001ff97965610 JavaThread "main" [_thread_in_vm, id=19732, stack(0x0000008edea00000,0x0000008edeb00000)]
  0x000001ffae762610 JavaThread "Reference Handler" daemon [_thread_blocked, id=9416, stack(0x0000008edf100000,0x0000008edf200000)]
  0x000001ffae763490 JavaThread "Finalizer" daemon [_thread_blocked, id=11964, stack(0x0000008edf200000,0x0000008edf300000)]
  0x000001ffae9e99c0 JavaThread "Signal Dispatcher" daemon [_thread_blocked, id=20168, stack(0x0000008edf300000,0x0000008edf400000)]
  0x000001ffae9ea380 JavaThread "Attach Listener" daemon [_thread_blocked, id=18104, stack(0x0000008edf400000,0x0000008edf500000)]
  0x000001ffae9ead40 JavaThread "Service Thread" daemon [_thread_blocked, id=16884, stack(0x0000008edf500000,0x0000008edf600000)]
  0x000001ffae9eb700 JavaThread "Monitor Deflation Thread" daemon [_thread_blocked, id=17184, stack(0x0000008edf600000,0x0000008edf700000)]
=>0x000001ffae9ec4a0 JavaThread "C2 CompilerThread0" daemon [_thread_in_native, id=3468, stack(0x0000008edf700000,0x0000008edf800000)]
  0x000001ffae9ede70 JavaThread "C1 CompilerThread0" daemon [_thread_blocked, id=12172, stack(0x0000008edf800000,0x0000008edf900000)]
  0x000001ffae7ac800 JavaThread "Sweeper thread" daemon [_thread_blocked, id=1856, stack(0x0000008edf900000,0x0000008edfa00000)]
  0x000001ffaeb3c9b0 JavaThread "Notification Thread" daemon [_thread_blocked, id=5072, stack(0x0000008edfa00000,0x0000008edfb00000)]
  0x000001ffaeb40560 JavaThread "Common-Cleaner" daemon [_thread_blocked, id=16668, stack(0x0000008edfc00000,0x0000008edfd00000)]

Other Threads:
  0x000001ffae73e630 VMThread "VM Thread" [stack: 0x0000008edf000000,0x0000008edf100000] [id=4572]
  0x000001ffaeb3d2a0 WatcherThread [stack: 0x0000008edfb00000,0x0000008edfc00000] [id=14188]
  0x000001ff9799ec90 GCTaskThread "GC Thread#0" [stack: 0x0000008edeb00000,0x0000008edec00000] [id=17160]
  0x000001ffaedddfc0 GCTaskThread "GC Thread#1" [stack: 0x0000008edfd00000,0x0000008edfe00000] [id=11344]
  0x000001ffaedde7e0 GCTaskThread "GC Thread#2" [stack: 0x0000008edfe00000,0x0000008edff00000] [id=3280]
  0x000001ffaeddeaa0 GCTaskThread "GC Thread#3" [stack: 0x0000008edff00000,0x0000008ee0000000] [id=11832]
  0x000001ff979a75e0 ConcurrentGCThread "G1 Main Marker" [stack: 0x0000008edec00000,0x0000008eded00000] [id=18156]
  0x000001ff979a97b0 ConcurrentGCThread "G1 Conc#0" [stack: 0x0000008eded00000,0x0000008edee00000] [id=836]
  0x000001ff979e9570 ConcurrentGCThread "G1 Refine#0" [stack: 0x0000008edee00000,0x0000008edef00000] [id=18684]
  0x000001ff979e9fa0 ConcurrentGCThread "G1 Service" [stack: 0x0000008edef00000,0x0000008edf000000] [id=10268]

Threads with active compile tasks:
C2 CompilerThread0     5015  766  s!   4       jdk.internal.loader.URLClassPath::getLoader (194 bytes)

VM state: not at safepoint (normal execution)

VM Mutex/Monitor currently owned by a thread: None

Heap address: 0x00000000c3000000, size: 976 MB, Compressed Oops mode: 32-bit

CDS archive(s) not mapped
Compressed class space mapped at: 0x0000000100000000-0x0000000140000000, reserved size: 1073741824
Narrow klass base: 0x0000000000000000, Narrow klass shift: 3, Narrow klass range: 0x140000000

GC Precious Log:
 CPUs: 4 total, 4 available
 Memory: 3900M
 Large Page Support: Disabled
 NUMA Support: Disabled
 Compressed Oops: Enabled (32-bit)
 Heap Region Size: 1M
 Heap Min Capacity: 8M
 Heap Initial Capacity: 62M
 Heap Max Capacity: 976M
 Pre-touch: Disabled
 Parallel Workers: 4
 Concurrent Workers: 1
 Concurrent Refinement Workers: 4
 Periodic GC: Disabled

Heap:
 garbage-first heap   total 63488K, used 12851K [0x00000000c3000000, 0x0000000100000000)
  region size 1024K, 10 young (10240K), 2 survivors (2048K)
 Metaspace       used 10783K, committed 10944K, reserved 1114112K
  class space    used 1098K, committed 1216K, reserved 1048576K

Heap Regions: E=young(eden), S=young(survivor), O=old, HS=humongous(starts), HC=humongous(continues), CS=collection set, F=free, OA=open archive, CA=closed archive, TAMS=top-at-mark-start (previous, next)
|   0|0x00000000c3000000, 0x00000000c3100000, 0x00000000c3100000|100%| O|  |TAMS 0x00000000c3000000, 0x00000000c3000000| Untracked 
|   1|0x00000000c3100000, 0x00000000c318ce00, 0x00000000c3200000| 55%| O|  |TAMS 0x00000000c3100000, 0x00000000c3100000| Untracked 
|   2|0x00000000c3200000, 0x00000000c3300000, 0x00000000c3300000|100%|HS|  |TAMS 0x00000000c3200000, 0x00000000c3200000| Complete 
|   3|0x00000000c3300000, 0x00000000c3400000, 0x00000000c3400000|100%|HC|  |TAMS 0x00000000c3300000, 0x00000000c3300000| Complete 
|   4|0x00000000c3400000, 0x00000000c3500000, 0x00000000c3500000|100%|HC|  |TAMS 0x00000000c3400000, 0x00000000c3400000| Complete 
|   5|0x00000000c3500000, 0x00000000c3500000, 0x00000000c3600000|  0%| F|  |TAMS 0x00000000c3500000, 0x00000000c3500000| Untracked 
|   6|0x00000000c3600000, 0x00000000c3600000, 0x00000000c3700000|  0%| F|  |TAMS 0x00000000c3600000, 0x00000000c3600000| Untracked 
|   7|0x00000000c3700000, 0x00000000c3700000, 0x00000000c3800000|  0%| F|  |TAMS 0x00000000c3700000, 0x00000000c3700000| Untracked 
|   8|0x00000000c3800000, 0x00000000c3800000, 0x00000000c3900000|  0%| F|  |TAMS 0x00000000c3800000, 0x00000000c3800000| Untracked 
|   9|0x00000000c3900000, 0x00000000c3900000, 0x00000000c3a00000|  0%| F|  |TAMS 0x00000000c3900000, 0x00000000c3900000| Untracked 
|  10|0x00000000c3a00000, 0x00000000c3a00000, 0x00000000c3b00000|  0%| F|  |TAMS 0x00000000c3a00000, 0x00000000c3a00000| Untracked 
|  11|0x00000000c3b00000, 0x00000000c3b00000, 0x00000000c3c00000|  0%| F|  |TAMS 0x00000000c3b00000, 0x00000000c3b00000| Untracked 
|  12|0x00000000c3c00000, 0x00000000c3c00000, 0x00000000c3d00000|  0%| F|  |TAMS 0x00000000c3c00000, 0x00000000c3c00000| Untracked 
|  13|0x00000000c3d00000, 0x00000000c3d00000, 0x00000000c3e00000|  0%| F|  |TAMS 0x00000000c3d00000, 0x00000000c3d00000| Untracked 
|  14|0x00000000c3e00000, 0x00000000c3e00000, 0x00000000c3f00000|  0%| F|  |TAMS 0x00000000c3e00000, 0x00000000c3e00000| Untracked 
|  15|0x00000000c3f00000, 0x00000000c3f00000, 0x00000000c4000000|  0%| F|  |TAMS 0x00000000c3f00000, 0x00000000c3f00000| Untracked 
|  16|0x00000000c4000000, 0x00000000c4000000, 0x00000000c4100000|  0%| F|  |TAMS 0x00000000c4000000, 0x00000000c4000000| Untracked 
|  17|0x00000000c4100000, 0x00000000c4100000, 0x00000000c4200000|  0%| F|  |TAMS 0x00000000c4100000, 0x00000000c4100000| Untracked 
|  18|0x00000000c4200000, 0x00000000c4200000, 0x00000000c4300000|  0%| F|  |TAMS 0x00000000c4200000, 0x00000000c4200000| Untracked 
|  19|0x00000000c4300000, 0x00000000c4300000, 0x00000000c4400000|  0%| F|  |TAMS 0x00000000c4300000, 0x00000000c4300000| Untracked 
|  20|0x00000000c4400000, 0x00000000c4400000, 0x00000000c4500000|  0%| F|  |TAMS 0x00000000c4400000, 0x00000000c4400000| Untracked 
|  21|0x00000000c4500000, 0x00000000c4500000, 0x00000000c4600000|  0%| F|  |TAMS 0x00000000c4500000, 0x00000000c4500000| Untracked 
|  22|0x00000000c4600000, 0x00000000c4600000, 0x00000000c4700000|  0%| F|  |TAMS 0x00000000c4600000, 0x00000000c4600000| Untracked 
|  23|0x00000000c4700000, 0x00000000c4700000, 0x00000000c4800000|  0%| F|  |TAMS 0x00000000c4700000, 0x00000000c4700000| Untracked 
|  24|0x00000000c4800000, 0x00000000c4800000, 0x00000000c4900000|  0%| F|  |TAMS 0x00000000c4800000, 0x00000000c4800000| Untracked 
|  25|0x00000000c4900000, 0x00000000c4900000, 0x00000000c4a00000|  0%| F|  |TAMS 0x00000000c4900000, 0x00000000c4900000| Untracked 
|  26|0x00000000c4a00000, 0x00000000c4a00000, 0x00000000c4b00000|  0%| F|  |TAMS 0x00000000c4a00000, 0x00000000c4a00000| Untracked 
|  27|0x00000000c4b00000, 0x00000000c4b00000, 0x00000000c4c00000|  0%| F|  |TAMS 0x00000000c4b00000, 0x00000000c4b00000| Untracked 
|  28|0x00000000c4c00000, 0x00000000c4c00000, 0x00000000c4d00000|  0%| F|  |TAMS 0x00000000c4c00000, 0x00000000c4c00000| Untracked 
|  29|0x00000000c4d00000, 0x00000000c4d00000, 0x00000000c4e00000|  0%| F|  |TAMS 0x00000000c4d00000, 0x00000000c4d00000| Untracked 
|  30|0x00000000c4e00000, 0x00000000c4e00000, 0x00000000c4f00000|  0%| F|  |TAMS 0x00000000c4e00000, 0x00000000c4e00000| Untracked 
|  31|0x00000000c4f00000, 0x00000000c4f00000, 0x00000000c5000000|  0%| F|  |TAMS 0x00000000c4f00000, 0x00000000c4f00000| Untracked 
|  32|0x00000000c5000000, 0x00000000c5000000, 0x00000000c5100000|  0%| F|  |TAMS 0x00000000c5000000, 0x00000000c5000000| Untracked 
|  33|0x00000000c5100000, 0x00000000c5100000, 0x00000000c5200000|  0%| F|  |TAMS 0x00000000c5100000, 0x00000000c5100000| Untracked 
|  34|0x00000000c5200000, 0x00000000c5200000, 0x00000000c5300000|  0%| F|  |TAMS 0x00000000c5200000, 0x00000000c5200000| Untracked 
|  35|0x00000000c5300000, 0x00000000c5300000, 0x00000000c5400000|  0%| F|  |TAMS 0x00000000c5300000, 0x00000000c5300000| Untracked 
|  36|0x00000000c5400000, 0x00000000c5400000, 0x00000000c5500000|  0%| F|  |TAMS 0x00000000c5400000, 0x00000000c5400000| Untracked 
|  37|0x00000000c5500000, 0x00000000c5500000, 0x00000000c5600000|  0%| F|  |TAMS 0x00000000c5500000, 0x00000000c5500000| Untracked 
|  38|0x00000000c5600000, 0x00000000c5600000, 0x00000000c5700000|  0%| F|  |TAMS 0x00000000c5600000, 0x00000000c5600000| Untracked 
|  39|0x00000000c5700000, 0x00000000c5700000, 0x00000000c5800000|  0%| F|  |TAMS 0x00000000c5700000, 0x00000000c5700000| Untracked 
|  40|0x00000000c5800000, 0x00000000c5800000, 0x00000000c5900000|  0%| F|  |TAMS 0x00000000c5800000, 0x00000000c5800000| Untracked 
|  41|0x00000000c5900000, 0x00000000c5900000, 0x00000000c5a00000|  0%| F|  |TAMS 0x00000000c5900000, 0x00000000c5900000| Untracked 
|  42|0x00000000c5a00000, 0x00000000c5a00000, 0x00000000c5b00000|  0%| F|  |TAMS 0x00000000c5a00000, 0x00000000c5a00000| Untracked 
|  43|0x00000000c5b00000, 0x00000000c5b00000, 0x00000000c5c00000|  0%| F|  |TAMS 0x00000000c5b00000, 0x00000000c5b00000| Untracked 
|  44|0x00000000c5c00000, 0x00000000c5c00000, 0x00000000c5d00000|  0%| F|  |TAMS 0x00000000c5c00000, 0x00000000c5c00000| Untracked 
|  45|0x00000000c5d00000, 0x00000000c5d00000, 0x00000000c5e00000|  0%| F|  |TAMS 0x00000000c5d00000, 0x00000000c5d00000| Untracked 
|  46|0x00000000c5e00000, 0x00000000c5e00000, 0x00000000c5f00000|  0%| F|  |TAMS 0x00000000c5e00000, 0x00000000c5e00000| Untracked 
|  47|0x00000000c5f00000, 0x00000000c6000000, 0x00000000c6000000|100%| S|CS|TAMS 0x00000000c5f00000, 0x00000000c5f00000| Complete 
|  48|0x00000000c6000000, 0x00000000c6100000, 0x00000000c6100000|100%| S|CS|TAMS 0x00000000c6000000, 0x00000000c6000000| Complete 
|  49|0x00000000c6100000, 0x00000000c6100000, 0x00000000c6200000|  0%| F|  |TAMS 0x00000000c6100000, 0x00000000c6100000| Untracked 
|  50|0x00000000c6200000, 0x00000000c6200000, 0x00000000c6300000|  0%| F|  |TAMS 0x00000000c6200000, 0x00000000c6200000| Untracked 
|  51|0x00000000c6300000, 0x00000000c6300000, 0x00000000c6400000|  0%| F|  |TAMS 0x00000000c6300000, 0x00000000c6300000| Untracked 
|  52|0x00000000c6400000, 0x00000000c6400000, 0x00000000c6500000|  0%| F|  |TAMS 0x00000000c6400000, 0x00000000c6400000| Untracked 
|  53|0x00000000c6500000, 0x00000000c6500000, 0x00000000c6600000|  0%| F|  |TAMS 0x00000000c6500000, 0x00000000c6500000| Untracked 
|  54|0x00000000c6600000, 0x00000000c66e1208, 0x00000000c6700000| 87%| E|  |TAMS 0x00000000c6600000, 0x00000000c6600000| Complete 
|  55|0x00000000c6700000, 0x00000000c6800000, 0x00000000c6800000|100%| E|CS|TAMS 0x00000000c6700000, 0x00000000c6700000| Complete 
|  56|0x00000000c6800000, 0x00000000c6900000, 0x00000000c6900000|100%| E|CS|TAMS 0x00000000c6800000, 0x00000000c6800000| Complete 
|  57|0x00000000c6900000, 0x00000000c6a00000, 0x00000000c6a00000|100%| E|CS|TAMS 0x00000000c6900000, 0x00000000c6900000| Complete 
|  58|0x00000000c6a00000, 0x00000000c6b00000, 0x00000000c6b00000|100%| E|CS|TAMS 0x00000000c6a00000, 0x00000000c6a00000| Complete 
|  59|0x00000000c6b00000, 0x00000000c6c00000, 0x00000000c6c00000|100%| E|CS|TAMS 0x00000000c6b00000, 0x00000000c6b00000| Complete 
|  60|0x00000000c6c00000, 0x00000000c6d00000, 0x00000000c6d00000|100%| E|  |TAMS 0x00000000c6c00000, 0x00000000c6c00000| Complete 
|  61|0x00000000c6d00000, 0x00000000c6e00000, 0x00000000c6e00000|100%| E|CS|TAMS 0x00000000c6d00000, 0x00000000c6d00000| Complete 

Card table byte_map: [0x000001ffaa020000,0x000001ffaa210000] _byte_map_base: 0x000001ffa9a08000

Marking Bits (Prev, Next): (CMBitMap*) 0x000001ff9799f2b0, (CMBitMap*) 0x000001ff9799f2f0
 Prev Bits: [0x000001ffaa400000, 0x000001ffab340000)
 Next Bits: [0x000001ffab340000, 0x000001ffac280000)

Polling page: 0x000001ff95760000

Metaspace:

Usage:
  Non-class:      9.47 MB used.
      Class:      1.07 MB used.
       Both:     10.55 MB used.

Virtual space:
  Non-class space:       64.00 MB reserved,       9.50 MB ( 15%) committed,  1 nodes.
      Class space:        1.00 GB reserved,       1.19 MB ( <1%) committed,  1 nodes.
             Both:        1.06 GB reserved,      10.69 MB ( <1%) committed. 

Chunk freelists:
   Non-Class:  6.31 MB
       Class:  14.67 MB
        Both:  20.98 MB

MaxMetaspaceSize: unlimited
CompressedClassSpaceSize: 1.00 GB
Initial GC threshold: 21.00 MB
Current GC threshold: 21.00 MB
CDS: off
MetaspaceReclaimPolicy: balanced
 - commit_granule_bytes: 65536.
 - commit_granule_words: 8192.
 - virtual_space_node_default_size: 8388608.
 - enlarge_chunks_in_place: 1.
 - new_chunks_are_fully_committed: 0.
 - uncommit_free_chunks: 1.
 - use_allocation_guard: 0.
 - handle_deallocations: 1.


Internal statistics:

num_allocs_failed_limit: 0.
num_arena_births: 18.
num_arena_deaths: 0.
num_vsnodes_births: 2.
num_vsnodes_deaths: 0.
num_space_committed: 171.
num_space_uncommitted: 0.
num_chunks_returned_to_freelist: 0.
num_chunks_taken_from_freelist: 111.
num_chunk_merges: 0.
num_chunk_splits: 63.
num_chunks_enlarged: 56.
num_inconsistent_stats: 0.

CodeHeap 'non-profiled nmethods': size=120000Kb used=268Kb max_used=268Kb free=119731Kb
 bounds [0x000001ffa2900000, 0x000001ffa2b70000, 0x000001ffa9e30000]
CodeHeap 'profiled nmethods': size=120000Kb used=1462Kb max_used=1462Kb free=118537Kb
 bounds [0x000001ff9ae30000, 0x000001ff9b0a0000, 0x000001ffa2360000]
CodeHeap 'non-nmethods': size=5760Kb used=1121Kb max_used=1144Kb free=4638Kb
 bounds [0x000001ffa2360000, 0x000001ffa25d0000, 0x000001ffa2900000]
 total_blobs=1200 nmethods=792 adapters=322
 compilation: enabled
              stopped_count=0, restarted_count=0
 full_count=0

Compilation events (20 events):
Event: 4.812 Thread 0x000001ffae9ede70 nmethod 764 0x000001ff9af87310 code [0x000001ff9af87520, 0x000001ff9af87dd8]
Event: 4.812 Thread 0x000001ffae9ec4a0 nmethod 753 0x000001ffa293fa10 code [0x000001ffa293fbe0, 0x000001ffa2940668]
Event: 4.813 Thread 0x000001ffae9ec4a0  762 %     4       java.lang.StringCoding::hasNegatives @ 2 (25 bytes)
Event: 4.818 Thread 0x000001ffae9ec4a0 nmethod 762% 0x000001ffa2940e90 code [0x000001ffa2941020, 0x000001ffa2941238]
Event: 4.818 Thread 0x000001ffae9ec4a0  765   !   4       java.util.zip.ZipFile::getEntry (59 bytes)
Event: 4.842 Thread 0x000001ffae9ede70  768       3       sun.net.www.ParseUtil::encodePath (41 bytes)
Event: 4.842 Thread 0x000001ffae9ede70 nmethod 768 0x000001ff9af88090 code [0x000001ff9af88260, 0x000001ff9af884c8]
Event: 4.857 Thread 0x000001ffae9ec4a0 nmethod 765 0x000001ffa2941390 code [0x000001ffa2941580, 0x000001ffa2942480]
Event: 4.857 Thread 0x000001ffae9ec4a0  766  s!   4       jdk.internal.loader.URLClassPath::getLoader (194 bytes)
Event: 4.913 Thread 0x000001ffae9ede70  770       3       java.lang.ProcessEnvironment$NameComparator::compare (13 bytes)
Event: 4.913 Thread 0x000001ffae9ede70 nmethod 770 0x000001ff9af88590 code [0x000001ff9af88740, 0x000001ff9af88a48]
Event: 4.914 Thread 0x000001ffae9ede70  771   !   3       java.util.jar.JarFile::getManifestFromReference (197 bytes)
Event: 4.916 Thread 0x000001ffae9ede70 nmethod 771 0x000001ff9af88b10 code [0x000001ff9af88e20, 0x000001ff9af8a258]
Event: 4.923 Thread 0x000001ffae9ede70  772       3       java.util.HashSet::<init> (16 bytes)
Event: 4.923 Thread 0x000001ffae9ede70 nmethod 772 0x000001ff9af8a990 code [0x000001ff9af8ab60, 0x000001ff9af8af78]
Event: 4.924 Thread 0x000001ffae9ede70  773   !   3       java.net.URLClassLoader::defineClass (224 bytes)
Event: 4.927 Thread 0x000001ffae9ede70 nmethod 773 0x000001ff9af8b110 code [0x000001ff9af8b5c0, 0x000001ff9af8d728]
Event: 4.927 Thread 0x000001ffae9ede70  775       2       java.util.regex.Matcher::match (154 bytes)
Event: 4.928 Thread 0x000001ffae9ede70 nmethod 775 0x000001ff9af8e610 code [0x000001ff9af8e7c0, 0x000001ff9af8ea98]
Event: 4.928 Thread 0x000001ffae9ede70  774       3       java.util.regex.Pattern$CharProperty::<init> (10 bytes)

GC Heap History (2 events):
Event: 4.081 GC heap before
{Heap before GC invocations=0 (full 0):
 garbage-first heap   total 63488K, used 13312K [0x00000000c3000000, 0x0000000100000000)
  region size 1024K, 13 young (13312K), 0 survivors (0K)
 Metaspace       used 8582K, committed 8704K, reserved 1114112K
  class space    used 765K, committed 832K, reserved 1048576K
}
Event: 4.092 GC heap after
{Heap after GC invocations=1 (full 0):
 garbage-first heap   total 63488K, used 3635K [0x00000000c3000000, 0x0000000100000000)
  region size 1024K, 2 young (2048K), 2 survivors (2048K)
 Metaspace       used 8582K, committed 8704K, reserved 1114112K
  class space    used 765K, committed 832K, reserved 1048576K
}

Dll operation events (2 events):
Event: 0.016 Loaded shared library C:\Program Files\Android\Android Studio\jbr\bin\java.dll
Event: 1.094 Loaded shared library C:\Program Files\Android\Android Studio\jbr\bin\verify.dll

Deoptimization events (20 events):
Event: 4.919 Thread 0x000001ff97965610 Uncommon trap: trap_request=0xffffff45 fr.pc=0x000001ffa291d498 relative=0x00000000000001d8
Event: 4.919 Thread 0x000001ff97965610 Uncommon trap: reason=unstable_if action=reinterpret pc=0x000001ffa291d498 method=java.util.regex.Matcher.reset()Ljava/util/regex/Matcher; @ 47 c2
Event: 4.919 Thread 0x000001ff97965610 DEOPT PACKING pc=0x000001ffa291d498 sp=0x0000008edeafd0c0
Event: 4.919 Thread 0x000001ff97965610 DEOPT UNPACKING pc=0x000001ffa23b699d sp=0x0000008edeafd048 mode 2
Event: 4.919 Thread 0x000001ff97965610 Uncommon trap: trap_request=0xffffffde fr.pc=0x000001ffa291dc60 relative=0x00000000000003e0
Event: 4.919 Thread 0x000001ff97965610 Uncommon trap: reason=class_check action=maybe_recompile pc=0x000001ffa291dc60 method=java.util.regex.Matcher.match(II)Z @ 121 c2
Event: 4.919 Thread 0x000001ff97965610 DEOPT PACKING pc=0x000001ffa291dc60 sp=0x0000008edeafd110
Event: 4.919 Thread 0x000001ff97965610 DEOPT UNPACKING pc=0x000001ffa23b699d sp=0x0000008edeafd0b8 mode 2
Event: 4.919 Thread 0x000001ff97965610 Uncommon trap: trap_request=0xffffffde fr.pc=0x000001ffa291dc60 relative=0x00000000000003e0
Event: 4.919 Thread 0x000001ff97965610 Uncommon trap: reason=class_check action=maybe_recompile pc=0x000001ffa291dc60 method=java.util.regex.Matcher.match(II)Z @ 121 c2
Event: 4.919 Thread 0x000001ff97965610 DEOPT PACKING pc=0x000001ffa291dc60 sp=0x0000008edeafd110
Event: 4.919 Thread 0x000001ff97965610 DEOPT UNPACKING pc=0x000001ffa23b699d sp=0x0000008edeafd0b8 mode 2
Event: 4.921 Thread 0x000001ff97965610 Uncommon trap: trap_request=0xffffffde fr.pc=0x000001ffa291dc60 relative=0x00000000000003e0
Event: 4.921 Thread 0x000001ff97965610 Uncommon trap: reason=class_check action=maybe_recompile pc=0x000001ffa291dc60 method=java.util.regex.Matcher.match(II)Z @ 121 c2
Event: 4.921 Thread 0x000001ff97965610 DEOPT PACKING pc=0x000001ffa291dc60 sp=0x0000008edeafcf90
Event: 4.921 Thread 0x000001ff97965610 DEOPT UNPACKING pc=0x000001ffa23b699d sp=0x0000008edeafcf38 mode 2
Event: 4.921 Thread 0x000001ff97965610 Uncommon trap: trap_request=0xffffffde fr.pc=0x000001ffa291dc60 relative=0x00000000000003e0
Event: 4.921 Thread 0x000001ff97965610 Uncommon trap: reason=class_check action=maybe_recompile pc=0x000001ffa291dc60 method=java.util.regex.Matcher.match(II)Z @ 121 c2
Event: 4.921 Thread 0x000001ff97965610 DEOPT PACKING pc=0x000001ffa291dc60 sp=0x0000008edeafcf90
Event: 4.921 Thread 0x000001ff97965610 DEOPT UNPACKING pc=0x000001ffa23b699d sp=0x0000008edeafcf38 mode 2

Classes unloaded (0 events):
No events

Classes redefined (0 events):
No events

Internal exceptions (1 events):
Event: 1.815 Thread 0x000001ff97965610 Exception <a 'java/lang/NoSuchMethodError'{0x00000000c6a17c88}: 'int java.lang.invoke.DirectMethodHandle$Holder.invokeStaticInit(java.lang.Object, java.lang.Object)'> (0x00000000c6a17c88) 
thrown [s\src\hotspot\share\interpreter\linkResolver.cpp, line 771]

VM Operations (10 events):
Event: 1.066 Executing VM operation: HandshakeAllThreads
Event: 1.067 Executing VM operation: HandshakeAllThreads done
Event: 2.067 Executing VM operation: Cleanup
Event: 2.068 Executing VM operation: Cleanup done
Event: 3.078 Executing VM operation: Cleanup
Event: 3.078 Executing VM operation: Cleanup done
Event: 4.080 Executing VM operation: G1CollectForAllocation
Event: 4.093 Executing VM operation: G1CollectForAllocation done
Event: 4.600 Executing VM operation: HandshakeAllThreads
Event: 4.600 Executing VM operation: HandshakeAllThreads done

Events (20 events):
Event: 4.703 loading class java/util/ServiceLoader$ProviderImpl
Event: 4.704 loading class java/util/ServiceLoader$Provider
Event: 4.704 loading class java/util/ServiceLoader$Provider done
Event: 4.704 loading class java/util/ServiceLoader$ProviderImpl done
Event: 4.704 loading class jdk/internal/logger/BootstrapLogger$LoggingBackend
Event: 4.704 loading class jdk/internal/logger/BootstrapLogger$LoggingBackend done
Event: 4.704 loading class jdk/internal/logger/BootstrapLogger$RedirectedLoggers
Event: 4.704 loading class jdk/internal/logger/BootstrapLogger$RedirectedLoggers done
Event: 4.704 loading class jdk/internal/logger/BootstrapLogger$BootstrapExecutors
Event: 4.704 loading class jdk/internal/logger/BootstrapLogger$BootstrapExecutors done
Event: 4.706 loading class java/util/logging/LogManager$4
Event: 4.706 loading class java/util/logging/LogManager$4 done
Event: 4.706 loading class java/util/logging/Logger$SystemLoggerHelper
Event: 4.706 loading class java/util/logging/Logger$SystemLoggerHelper done
Event: 4.707 loading class java/util/logging/Logger$SystemLoggerHelper$1
Event: 4.707 loading class java/util/logging/Logger$SystemLoggerHelper$1 done
Event: 4.707 loading class jdk/internal/logger/DefaultLoggerFinder$1
Event: 4.707 loading class jdk/internal/logger/DefaultLoggerFinder$1 done
Event: 4.846 loading class java/lang/NumberFormatException
Event: 4.846 loading class java/lang/NumberFormatException done


Dynamic libraries:
0x00007ff7f18f0000 - 0x00007ff7f18fa000 	C:\Program Files\Android\Android Studio\jbr\bin\java.exe
0x00007fffdf470000 - 0x00007fffdf668000 	C:\windows\SYSTEM32\ntdll.dll
0x00007fff9f150000 - 0x00007fff9f169000 	C:\Program Files\Avast Software\Avast\aswhook.dll
0x00007fffddc30000 - 0x00007fffddced000 	C:\windows\System32\KERNEL32.DLL
0x00007fffdd180000 - 0x00007fffdd476000 	C:\windows\System32\KERNELBASE.dll
0x00007fffd88d0000 - 0x00007fffd8960000 	C:\windows\SYSTEM32\apphelp.dll
0x00007fffdccd0000 - 0x00007fffdcdd0000 	C:\windows\System32\ucrtbase.dll
0x00007fffb66e0000 - 0x00007fffb66f7000 	C:\Program Files\Android\Android Studio\jbr\bin\jli.dll
0x00007fffb66c0000 - 0x00007fffb66db000 	C:\Program Files\Android\Android Studio\jbr\bin\VCRUNTIME140.dll
0x00007fffddcf0000 - 0x00007fffdde8f000 	C:\windows\System32\USER32.dll
0x00007fffdd030000 - 0x00007fffdd052000 	C:\windows\System32\win32u.dll
0x00007fffddbf0000 - 0x00007fffddc1b000 	C:\windows\System32\GDI32.dll
0x00007fffdbe90000 - 0x00007fffdc12a000 	C:\windows\WinSxS\amd64_microsoft.windows.common-controls_6595b64144ccf1df_6.0.19041.4355_none_60b8b9eb71f62e16\COMCTL32.dll
0x00007fffdd060000 - 0x00007fffdd177000 	C:\windows\System32\gdi32full.dll
0x00007fffdea80000 - 0x00007fffdeb1e000 	C:\windows\System32\msvcrt.dll
0x00007fffdcc30000 - 0x00007fffdcccd000 	C:\windows\System32\msvcp_win.dll
0x00007fffdd580000 - 0x00007fffdd5af000 	C:\windows\System32\IMM32.DLL
0x00007fffc7330000 - 0x00007fffc733c000 	C:\Program Files\Android\Android Studio\jbr\bin\vcruntime140_1.dll
0x00007fff902d0000 - 0x00007fff9035d000 	C:\Program Files\Android\Android Studio\jbr\bin\msvcp140.dll
0x00007fff58890000 - 0x00007fff59513000 	C:\Program Files\Android\Android Studio\jbr\bin\server\jvm.dll
0x00007fffde8f0000 - 0x00007fffde9a0000 	C:\windows\System32\ADVAPI32.dll
0x00007fffde190000 - 0x00007fffde230000 	C:\windows\System32\sechost.dll
0x00007fffdd5b0000 - 0x00007fffdd6d3000 	C:\windows\System32\RPCRT4.dll
0x00007fffdd480000 - 0x00007fffdd4a7000 	C:\windows\System32\bcrypt.dll
0x00007fffdc980000 - 0x00007fffdc9cb000 	C:\windows\SYSTEM32\POWRPROF.dll
0x00007fffb15f0000 - 0x00007fffb1617000 	C:\windows\SYSTEM32\WINMM.dll
0x00007fffbeff0000 - 0x00007fffbeff9000 	C:\windows\SYSTEM32\WSOCK32.dll
0x00007fffdf360000 - 0x00007fffdf3cb000 	C:\windows\System32\WS2_32.dll
0x00007fffd03e0000 - 0x00007fffd03ea000 	C:\windows\SYSTEM32\VERSION.dll
0x00007fffdc960000 - 0x00007fffdc972000 	C:\windows\SYSTEM32\UMPDC.dll
0x00007fffda640000 - 0x00007fffda652000 	C:\windows\SYSTEM32\kernel.appcore.dll
0x00007fffbb7c0000 - 0x00007fffbb7ca000 	C:\Program Files\Android\Android Studio\jbr\bin\jimage.dll
0x00007fffdc490000 - 0x00007fffdc674000 	C:\windows\SYSTEM32\DBGHELP.DLL
0x00007fffdc3f0000 - 0x00007fffdc424000 	C:\windows\SYSTEM32\dbgcore.DLL
0x00007fffdce40000 - 0x00007fffdcec2000 	C:\windows\System32\bcryptPrimitives.dll
0x00007fffb6690000 - 0x00007fffb66b5000 	C:\Program Files\Android\Android Studio\jbr\bin\java.dll
0x00007fffb63a0000 - 0x00007fffb63b8000 	C:\Program Files\Android\Android Studio\jbr\bin\zip.dll
0x00007fffdebd0000 - 0x00007fffdf33c000 	C:\windows\System32\SHELL32.dll
0x00007fffd9d90000 - 0x00007fffda52d000 	C:\windows\SYSTEM32\windows.storage.dll
0x00007fffdd890000 - 0x00007fffddbe3000 	C:\windows\System32\combase.dll
0x00007fffdbd40000 - 0x00007fffdbd6e000 	C:\windows\SYSTEM32\Wldp.dll
0x00007fffdd4b0000 - 0x00007fffdd57d000 	C:\windows\System32\OLEAUT32.dll
0x00007fffdeb20000 - 0x00007fffdebcd000 	C:\windows\System32\SHCORE.dll
0x00007fffddf40000 - 0x00007fffddf95000 	C:\windows\System32\shlwapi.dll
0x00007fffdca60000 - 0x00007fffdca84000 	C:\windows\SYSTEM32\profapi.dll
0x00007fffb48f0000 - 0x00007fffb4909000 	C:\Program Files\Android\Android Studio\jbr\bin\net.dll
0x00007fffd3330000 - 0x00007fffd343a000 	C:\windows\SYSTEM32\WINHTTP.dll
0x00007fffdbb50000 - 0x00007fffdbbba000 	C:\windows\system32\mswsock.dll
0x00007fffb3930000 - 0x00007fffb3946000 	C:\Program Files\Android\Android Studio\jbr\bin\nio.dll
0x00007fffbb3e0000 - 0x00007fffbb3f0000 	C:\Program Files\Android\Android Studio\jbr\bin\verify.dll

dbghelp: loaded successfully - version: 4.0.5 - missing functions: none
symbol engine: initialized successfully - sym options: 0x614 - pdb path: .;C:\Program Files\Android\Android Studio\jbr\bin;C:\windows\SYSTEM32;C:\Program Files\Avast Software\Avast;C:\windows\WinSxS\amd64_microsoft.windows.common-controls_6595b64144ccf1df_6.0.19041.4355_none_60b8b9eb71f62e16;C:\Program Files\Android\Android Studio\jbr\bin\server

VM Arguments:
jvm_args: -Dorg.gradle.appname=gradlew 
java_command: org.gradle.wrapper.GradleWrapperMain -q -Ptarget-platform=android-arm64 -Ptarget=C:\Users\User\benny\lib\main.dart -Pbase-application-name=android.app.Application -Pdart-defines=RkxVVFRFUl9XRUJfQVVUT19ERVRFQ1Q9dHJ1ZQ==,RkxVVFRFUl9XRUJfQ0FOVkFTS0lUX1VSTD1odHRwczovL3d3dy5nc3RhdGljLmNvbS9mbHV0dGVyLWNhbnZhc2tpdC9jNGNkNDhlMTg2NDYwYjMyZDQ0NTg1Y2UzYzEwMzI3MWFiNjc2MzU1Lw== -Pdart-obfuscation=false -Ptrack-widget-creation=true -Ptree-shake-icons=false -Pfilesystem-scheme=org-dartlang-root assembleDebug
java_class_path (initial): C:\Users\User\benny\android\\gradle\wrapper\gradle-wrapper.jar
Launcher Type: SUN_STANDARD

[Global flags]
     intx CICompilerCount                          = 3                                         {product} {ergonomic}
     uint ConcGCThreads                            = 1                                         {product} {ergonomic}
     uint G1ConcRefinementThreads                  = 4                                         {product} {ergonomic}
   size_t G1HeapRegionSize                         = 1048576                                   {product} {ergonomic}
    uintx GCDrainStackTargetSize                   = 64                                        {product} {ergonomic}
   size_t InitialHeapSize                          = 65011712                                  {product} {ergonomic}
   size_t MarkStackSize                            = 4194304                                   {product} {ergonomic}
   size_t MaxHeapSize                              = 1023410176                                {product} {ergonomic}
   size_t MaxNewSize                               = 613416960                                 {product} {ergonomic}
   size_t MinHeapDeltaBytes                        = 1048576                                   {product} {ergonomic}
   size_t MinHeapSize                              = 8388608                                   {product} {ergonomic}
    uintx NonNMethodCodeHeapSize                   = 5832780                                {pd product} {ergonomic}
    uintx NonProfiledCodeHeapSize                  = 122912730                              {pd product} {ergonomic}
    uintx ProfiledCodeHeapSize                     = 122912730                              {pd product} {ergonomic}
    uintx ReservedCodeCacheSize                    = 251658240                              {pd product} {ergonomic}
     bool SegmentedCodeCache                       = true                                      {product} {ergonomic}
   size_t SoftMaxHeapSize                          = 1023410176                             {manageable} {ergonomic}
     bool UseCompressedClassPointers               = true                           {product lp64_product} {ergonomic}
     bool UseCompressedOops                        = true                           {product lp64_product} {ergonomic}
     bool UseG1GC                                  = true                                      {product} {ergonomic}
     bool UseLargePagesIndividualAllocation        = false                                  {pd product} {ergonomic}

Logging:
Log output configuration:
 #0: stdout all=warning uptime,level,tags
 #1: stderr all=off uptime,level,tags

Environment Variables:
JAVA_HOME=C:\Program Files\Android\Android Studio\jbr
CLASSPATH=C:\Users\User\benny\android\\gradle\wrapper\gradle-wrapper.jar
PATH=C:\Program Files\Android\Android Studio\jbr\bin;C:\windows\system32;C:\windows;C:\windows\System32\Wbem;C:\windows\System32\WindowsPowerShell\v1.0\;C:\windows\System32\OpenSSH\;C:\Program Files\HP\HP One Agent;C:\Program Files\nodejs\;C:\Program Files\Git\cmd;C:\Users\User\AppData\Local\Microsoft\WindowsApps;C:\Users\User\AppData\Local\Programs\Microsoft VS Code\bin;C:\Users\User\AppData\Roaming\npm;C:\Users\User\Desktop\flutter\bin;C:\Program Files\Git\bin;C:\Users\User\AppData\Local\Pub\Cache\bin;;C:\Users\User\Desktop\flutter\bin\mingit\cmd;C:\Users\User\Desktop\flutter\bin\mingit\cmd
USERNAME=User
OS=Windows_NT
PROCESSOR_IDENTIFIER=Intel64 Family 6 Model 142 Stepping 12, GenuineIntel
TMP=C:\Users\User\AppData\Local\Temp
TEMP=C:\Users\User\AppData\Local\Temp



Periodic native trim disabled

JNI global refs:
JNI global refs: 7, weak refs: 0

JNI global refs memory usage: 843, weak refs: 841

OOME stack traces (most recent first):
Classloader memory used:
Loader bootstrap                                                                       : 1169K
Loader org.gradle.internal.classloader.VisitableURLClassLoader                         : 137K
Loader java.net.URLClassLoader                                                         : 26124B
Loader jdk.internal.loader.ClassLoaders$AppClassLoader                                 : 18431B

Classes loaded by more than one classloader:
Class org.gradle.internal.installation.GradleInstallation                             : loaded 2 times (x 73B)
Class org.gradle.cli.ParsedCommandLine                                                : loaded 2 times (x 78B)
Class org.gradle.api.Action                                                           : loaded 2 times (x 68B)
Class org.gradle.cli.CommandLineParser$OptionString                                   : loaded 2 times (x 71B)
Class org.gradle.internal.installation.GradleInstallation$1                           : loaded 2 times (x 73B)
Class org.gradle.cli.CommandLineParser$AfterOptions                                   : loaded 2 times (x 75B)
Class org.gradle.cli.CommandLineParser$AfterFirstSubCommand                           : loaded 2 times (x 75B)
Class org.gradle.internal.service.UnknownServiceException                             : loaded 2 times (x 81B)
Class org.gradle.api.GradleException                                                  : loaded 2 times (x 80B)
Class org.gradle.cli.CommandLineParser$KnownOptionParserState                         : loaded 2 times (x 74B)
Class org.gradle.cli.AbstractPropertiesCommandLineConverter                           : loaded 2 times (x 81B)
Class org.gradle.api.specs.Spec                                                       : loaded 2 times (x 68B)
Class org.gradle.cli.SystemPropertiesCommandLineConverter                             : loaded 2 times (x 81B)
Class org.gradle.internal.installation.CurrentGradleInstallation                      : loaded 2 times (x 71B)
Class org.gradle.internal.installation.CurrentGradleInstallationLocator               : loaded 2 times (x 69B)
Class org.gradle.api.Transformer                                                      : loaded 2 times (x 68B)
Class org.gradle.cli.CommandLineParser                                                : loaded 2 times (x 77B)
Class org.gradle.cli.CommandLineParser$BeforeFirstSubCommand                          : loaded 2 times (x 75B)
Class org.gradle.cli.CommandLineOption                                                : loaded 2 times (x 84B)
Class org.gradle.cli.CommandLineParser$ParserState                                    : loaded 2 times (x 74B)
Class org.gradle.cli.CommandLineParser$MissingOptionArgState                          : loaded 2 times (x 75B)
Class org.gradle.api.UncheckedIOException                                             : loaded 2 times (x 80B)
Class org.gradle.cli.ParsedCommandLineOption                                          : loaded 2 times (x 74B)
Class org.gradle.internal.classloader.ClasspathUtil                                   : loaded 2 times (x 69B)
Class org.gradle.cli.CommandLineParser$UnknownOptionParserState                       : loaded 2 times (x 74B)
Class org.gradle.internal.service.ServiceLookupException                              : loaded 2 times (x 80B)
Class org.gradle.cli.CommandLineParser$OptionAwareParserState                         : loaded 2 times (x 75B)
Class org.gradle.cli.CommandLineParser$OptionParserState                              : loaded 2 times (x 73B)
Class org.gradle.internal.Cast                                                        : loaded 2 times (x 69B)
Class org.gradle.cli.CommandLineConverter                                             : loaded 2 times (x 68B)
Class org.gradle.cli.AbstractCommandLineConverter                                     : loaded 2 times (x 77B)
Class org.gradle.cli.CommandLineArgumentException                                     : loaded 2 times (x 80B)


---------------  S Y S T E M  ---------------

OS:
 Windows 10 , 64 bit Build 19041 (10.0.19041.3636)
OS uptime: 2 days 1:37 hours

CPU: total 4 (initial active 4) (2 cores per cpu, 2 threads per core) family 6 model 142 stepping 12 microcode 0xde, cx8, cmov, fxsr, ht, mmx, 3dnowpref, sse, sse2, sse3, ssse3, sse4.1, sse4.2, popcnt, lzcnt, tsc, tscinvbit, aes, erms, clmul, clflush, clflushopt
Processor Information for all 4 processors :
  Max Mhz: 2400, Current Mhz: 2400, Mhz Limit: 2400

Memory: 4k page, system-wide physical 3900M (21M free)
TotalPageFile size 15676M (AvailPageFile size 1M)
current process WorkingSet (physical memory assigned to process): 69M, peak: 69M
current process commit charge ("private bytes"): 145M, peak: 146M

vm_info: OpenJDK 64-Bit Server VM (17.0.9+0--11185874) for windows-amd64 JRE (17.0.9+0--11185874), built on Dec  6 2023 18:57:44 by "androidbuild" with MS VC++ 16.10 / 16.11 (VS2019)

END.
