#
# There is insufficient memory for the Java Runtime Environment to continue.
# Native memory allocation (malloc) failed to allocate 32744 bytes for ChunkPool::allocate
# Possible reasons:
#   The system is out of physical RAM or swap space
#   The process is running with CompressedOops enabled, and the Java Heap may be blocking the growth of the native heap
# Possible solutions:
#   Reduce memory load on the system
#   Increase physical memory or swap space
#   Check if swap backing store is full
#   Decrease Java heap size (-Xmx/-Xms)
#   Decrease number of Java threads
#   Decrease Java thread stack sizes (-Xss)
#   Set larger code cache with -XX:ReservedCodeCacheSize=
#   JVM is running with Unscaled Compressed Oops mode in which the Java heap is
#     placed in the first 4GB address space. The Java Heap base address is the
#     maximum limit for the native heap growth. Please use -XX:HeapBaseMinAddress
#     to set the Java Heap base and to place the Java Heap above 4GB virtual address.
# This output file may be truncated or incomplete.
#
#  Out of Memory Error (arena.cpp:79), pid=18024, tid=20492
#
# JRE version: OpenJDK Runtime Environment (17.0.9) (build 17.0.9+0--11185874)
# Java VM: OpenJDK 64-Bit Server VM (17.0.9+0--11185874, mixed mode, tiered, compressed oops, compressed class ptrs, g1 gc, windows-amd64)
# No core dump will be written. Minidumps are not enabled by default on client versions of Windows
#

---------------  S U M M A R Y ------------

Command Line: -Dorg.gradle.appname=gradlew org.gradle.wrapper.GradleWrapperMain -q -Ptarget-platform=android-arm64 -Ptarget=C:\Users\User\benny\lib\main.dart -Pbase-application-name=android.app.Application -Pdart-defines=RkxVVFRFUl9XRUJfQVVUT19ERVRFQ1Q9dHJ1ZQ==,RkxVVFRFUl9XRUJfQ0FOVkFTS0lUX1VSTD1odHRwczovL3d3dy5nc3RhdGljLmNvbS9mbHV0dGVyLWNhbnZhc2tpdC9jNGNkNDhlMTg2NDYwYjMyZDQ0NTg1Y2UzYzEwMzI3MWFiNjc2MzU1Lw== -Pdart-obfuscation=false -Ptrack-widget-creation=true -Ptree-shake-icons=false -Pfilesystem-scheme=org-dartlang-root assembleDebug

Host: Intel(R) Pentium(R) CPU 6405U @ 2.40GHz, 4 cores, 3G,  Windows 11 , 64 bit Build 22621 (10.0.22621.3958)
Time: Wed Jul 31 14:04:04 2024 Pacific Daylight Time elapsed time: 71.921477 seconds (0d 0h 1m 11s)

---------------  T H R E A D  ---------------

Current thread (0x0000027575010f80):  JavaThread "C1 CompilerThread0" daemon [_thread_in_native, id=20492, stack(0x000000d890500000,0x000000d890600000)]


Current CompileTask:
C1:  71938 1283   !   3       java.util.concurrent.locks.AbstractQueuedSynchronizer::acquire (407 bytes)

Stack: [0x000000d890500000,0x000000d890600000]
Native frames: (J=compiled Java code, j=interpreted, Vv=VM code, C=native code)
V  [jvm.dll+0x6886e9]
V  [jvm.dll+0x841e4a]
V  [jvm.dll+0x843a8e]
V  [jvm.dll+0x8440f3]
V  [jvm.dll+0x24c14f]
V  [jvm.dll+0xac66c]
V  [jvm.dll+0xaca9c]
V  [jvm.dll+0x17df81]
V  [jvm.dll+0x180a69]
V  [jvm.dll+0x181060]
V  [jvm.dll+0x178f90]
V  [jvm.dll+0x1783a7]
V  [jvm.dll+0x181b1b]
V  [jvm.dll+0x1795b8]
V  [jvm.dll+0x17ccdf]
V  [jvm.dll+0x137243]
V  [jvm.dll+0x136b4f]
V  [jvm.dll+0x136d86]
V  [jvm.dll+0x13621a]
V  [jvm.dll+0x137ed1]
V  [jvm.dll+0x22d088]
V  [jvm.dll+0x22b1c0]
V  [jvm.dll+0x7f62f7]
V  [jvm.dll+0x7f06aa]
V  [jvm.dll+0x687565]
C  [ucrtbase.dll+0x29333]
C  [KERNEL32.DLL+0x1257d]
C  [ntdll.dll+0x5af28]


---------------  P R O C E S S  ---------------

Threads class SMR info:
_java_thread_list=0x0000027575c73630, length=15, elements={
0x0000027557e244e0, 0x0000027570b41a20, 0x0000027570b428a0, 0x000002757500c5c0,
0x000002757500d240, 0x000002757500ed70, 0x000002757500f730, 0x00000275750104d0,
0x0000027575010f80, 0x00000275750128a0, 0x0000027575167ee0, 0x000002757517c970,
0x0000027575adba10, 0x0000027575dbfed0, 0x0000027575206910
}

Java Threads: ( => current thread )
  0x0000027557e244e0 JavaThread "main" [_thread_in_native, id=27292, stack(0x000000d88f700000,0x000000d88f800000)]
  0x0000027570b41a20 JavaThread "Reference Handler" daemon [_thread_blocked, id=26544, stack(0x000000d88fe00000,0x000000d88ff00000)]
  0x0000027570b428a0 JavaThread "Finalizer" daemon [_thread_blocked, id=25696, stack(0x000000d88ff00000,0x000000d890000000)]
  0x000002757500c5c0 JavaThread "Signal Dispatcher" daemon [_thread_blocked, id=24796, stack(0x000000d890000000,0x000000d890100000)]
  0x000002757500d240 JavaThread "Attach Listener" daemon [_thread_blocked, id=27344, stack(0x000000d890100000,0x000000d890200000)]
  0x000002757500ed70 JavaThread "Service Thread" daemon [_thread_blocked, id=2068, stack(0x000000d890200000,0x000000d890300000)]
  0x000002757500f730 JavaThread "Monitor Deflation Thread" daemon [_thread_blocked, id=25920, stack(0x000000d890300000,0x000000d890400000)]
  0x00000275750104d0 JavaThread "C2 CompilerThread0" daemon [_thread_blocked, id=14884, stack(0x000000d890400000,0x000000d890500000)]
=>0x0000027575010f80 JavaThread "C1 CompilerThread0" daemon [_thread_in_native, id=20492, stack(0x000000d890500000,0x000000d890600000)]
  0x00000275750128a0 JavaThread "Sweeper thread" daemon [_thread_blocked, id=6456, stack(0x000000d890600000,0x000000d890700000)]
  0x0000027575167ee0 JavaThread "Notification Thread" daemon [_thread_blocked, id=17836, stack(0x000000d890700000,0x000000d890800000)]
  0x000002757517c970 JavaThread "Common-Cleaner" daemon [_thread_blocked, id=25240, stack(0x000000d890900000,0x000000d890a00000)]
  0x0000027575adba10 JavaThread "pool-1-thread-1" [_thread_blocked, id=20216, stack(0x000000d890d00000,0x000000d890e00000)]
  0x0000027575dbfed0 JavaThread "DisconnectableInputStream source reader" daemon [_thread_in_native, id=23972, stack(0x000000d890f00000,0x000000d891000000)]
  0x0000027575206910 JavaThread "Forward input" [_thread_blocked, id=8320, stack(0x000000d891000000,0x000000d891100000)]

Other Threads:
  0x0000027570af4980 VMThread "VM Thread" [stack: 0x000000d88fd00000,0x000000d88fe00000] [id=21216]
  0x00000275751683c0 WatcherThread [stack: 0x000000d890800000,0x000000d890900000] [id=23828]
  0x0000027557e5eed0 GCTaskThread "GC Thread#0" [stack: 0x000000d88f800000,0x000000d88f900000] [id=26680]
  0x00000275754e15c0 GCTaskThread "GC Thread#1" [stack: 0x000000d890a00000,0x000000d890b00000] [id=26012]
  0x00000275755ea5b0 GCTaskThread "GC Thread#2" [stack: 0x000000d890b00000,0x000000d890c00000] [id=22600]
  0x00000275755ea870 GCTaskThread "GC Thread#3" [stack: 0x000000d890c00000,0x000000d890d00000] [id=18872]
  0x0000027557e67820 ConcurrentGCThread "G1 Main Marker" [stack: 0x000000d88f900000,0x000000d88fa00000] [id=24656]
  0x0000027557e68240 ConcurrentGCThread "G1 Conc#0" [stack: 0x000000d88fa00000,0x000000d88fb00000] [id=23988]
  0x0000027557ea64b0 ConcurrentGCThread "G1 Refine#0" [stack: 0x000000d88fb00000,0x000000d88fc00000] [id=3916]
  0x0000027557ea6ee0 ConcurrentGCThread "G1 Service" [stack: 0x000000d88fc00000,0x000000d88fd00000] [id=16224]

Threads with active compile tasks:
C1 CompilerThread0    72157 1283   !   3       java.util.concurrent.locks.AbstractQueuedSynchronizer::acquire (407 bytes)

VM state: not at safepoint (normal execution)

VM Mutex/Monitor currently owned by a thread: None

Heap address: 0x00000000c3000000, size: 976 MB, Compressed Oops mode: 32-bit

CDS archive(s) not mapped
Compressed class space mapped at: 0x0000000100000000-0x0000000140000000, reserved size: 1073741824
Narrow klass base: 0x0000000000000000, Narrow klass shift: 3, Narrow klass range: 0x140000000

GC Precious Log:
 CPUs: 4 total, 4 available
 Memory: 3900M
 Large Page Support: Disabled
 NUMA Support: Disabled
 Compressed Oops: Enabled (32-bit)
 Heap Region Size: 1M
 Heap Min Capacity: 8M
 Heap Initial Capacity: 62M
 Heap Max Capacity: 976M
 Pre-touch: Disabled
 Parallel Workers: 4
 Concurrent Workers: 1
 Concurrent Refinement Workers: 4
 Periodic GC: Disabled

Heap:
 garbage-first heap   total 63488K, used 19313K [0x00000000c3000000, 0x0000000100000000)
  region size 1024K, 12 young (12288K), 2 survivors (2048K)
 Metaspace       used 16291K, committed 16512K, reserved 1114112K
  class space    used 1894K, committed 1984K, reserved 1048576K

Heap Regions: E=young(eden), S=young(survivor), O=old, HS=humongous(starts), HC=humongous(continues), CS=collection set, F=free, OA=open archive, CA=closed archive, TAMS=top-at-mark-start (previous, next)
|   0|0x00000000c3000000, 0x00000000c3100000, 0x00000000c3100000|100%| O|  |TAMS 0x00000000c3000000, 0x00000000c3000000| Untracked 
|   1|0x00000000c3100000, 0x00000000c3200000, 0x00000000c3200000|100%| O|  |TAMS 0x00000000c3100000, 0x00000000c3100000| Untracked 
|   2|0x00000000c3200000, 0x00000000c3300000, 0x00000000c3300000|100%|HS|  |TAMS 0x00000000c3200000, 0x00000000c3200000| Complete 
|   3|0x00000000c3300000, 0x00000000c3400000, 0x00000000c3400000|100%|HC|  |TAMS 0x00000000c3300000, 0x00000000c3300000| Complete 
|   4|0x00000000c3400000, 0x00000000c3500000, 0x00000000c3500000|100%|HC|  |TAMS 0x00000000c3400000, 0x00000000c3400000| Complete 
|   5|0x00000000c3500000, 0x00000000c3600000, 0x00000000c3600000|100%| O|  |TAMS 0x00000000c3500000, 0x00000000c3500000| Untracked 
|   6|0x00000000c3600000, 0x00000000c3700000, 0x00000000c3700000|100%| O|  |TAMS 0x00000000c3600000, 0x00000000c3600000| Untracked 
|   7|0x00000000c3700000, 0x00000000c37dc400, 0x00000000c3800000| 86%| O|  |TAMS 0x00000000c3700000, 0x00000000c3700000| Untracked 
|   8|0x00000000c3800000, 0x00000000c3800000, 0x00000000c3900000|  0%| F|  |TAMS 0x00000000c3800000, 0x00000000c3800000| Untracked 
|   9|0x00000000c3900000, 0x00000000c3900000, 0x00000000c3a00000|  0%| F|  |TAMS 0x00000000c3900000, 0x00000000c3900000| Untracked 
|  10|0x00000000c3a00000, 0x00000000c3a00000, 0x00000000c3b00000|  0%| F|  |TAMS 0x00000000c3a00000, 0x00000000c3a00000| Untracked 
|  11|0x00000000c3b00000, 0x00000000c3b00000, 0x00000000c3c00000|  0%| F|  |TAMS 0x00000000c3b00000, 0x00000000c3b00000| Untracked 
|  12|0x00000000c3c00000, 0x00000000c3c00000, 0x00000000c3d00000|  0%| F|  |TAMS 0x00000000c3c00000, 0x00000000c3c00000| Untracked 
|  13|0x00000000c3d00000, 0x00000000c3d00000, 0x00000000c3e00000|  0%| F|  |TAMS 0x00000000c3d00000, 0x00000000c3d00000| Untracked 
|  14|0x00000000c3e00000, 0x00000000c3e00000, 0x00000000c3f00000|  0%| F|  |TAMS 0x00000000c3e00000, 0x00000000c3e00000| Untracked 
|  15|0x00000000c3f00000, 0x00000000c3f00000, 0x00000000c4000000|  0%| F|  |TAMS 0x00000000c3f00000, 0x00000000c3f00000| Untracked 
|  16|0x00000000c4000000, 0x00000000c4000000, 0x00000000c4100000|  0%| F|  |TAMS 0x00000000c4000000, 0x00000000c4000000| Untracked 
|  17|0x00000000c4100000, 0x00000000c4100000, 0x00000000c4200000|  0%| F|  |TAMS 0x00000000c4100000, 0x00000000c4100000| Untracked 
|  18|0x00000000c4200000, 0x00000000c4200000, 0x00000000c4300000|  0%| F|  |TAMS 0x00000000c4200000, 0x00000000c4200000| Untracked 
|  19|0x00000000c4300000, 0x00000000c4300000, 0x00000000c4400000|  0%| F|  |TAMS 0x00000000c4300000, 0x00000000c4300000| Untracked 
|  20|0x00000000c4400000, 0x00000000c4400000, 0x00000000c4500000|  0%| F|  |TAMS 0x00000000c4400000, 0x00000000c4400000| Untracked 
|  21|0x00000000c4500000, 0x00000000c4500000, 0x00000000c4600000|  0%| F|  |TAMS 0x00000000c4500000, 0x00000000c4500000| Untracked 
|  22|0x00000000c4600000, 0x00000000c4600000, 0x00000000c4700000|  0%| F|  |TAMS 0x00000000c4600000, 0x00000000c4600000| Untracked 
|  23|0x00000000c4700000, 0x00000000c4700000, 0x00000000c4800000|  0%| F|  |TAMS 0x00000000c4700000, 0x00000000c4700000| Untracked 
|  24|0x00000000c4800000, 0x00000000c4800000, 0x00000000c4900000|  0%| F|  |TAMS 0x00000000c4800000, 0x00000000c4800000| Untracked 
|  25|0x00000000c4900000, 0x00000000c4900000, 0x00000000c4a00000|  0%| F|  |TAMS 0x00000000c4900000, 0x00000000c4900000| Untracked 
|  26|0x00000000c4a00000, 0x00000000c4a00000, 0x00000000c4b00000|  0%| F|  |TAMS 0x00000000c4a00000, 0x00000000c4a00000| Untracked 
|  27|0x00000000c4b00000, 0x00000000c4b00000, 0x00000000c4c00000|  0%| F|  |TAMS 0x00000000c4b00000, 0x00000000c4b00000| Untracked 
|  28|0x00000000c4c00000, 0x00000000c4c00000, 0x00000000c4d00000|  0%| F|  |TAMS 0x00000000c4c00000, 0x00000000c4c00000| Untracked 
|  29|0x00000000c4d00000, 0x00000000c4d00000, 0x00000000c4e00000|  0%| F|  |TAMS 0x00000000c4d00000, 0x00000000c4d00000| Untracked 
|  30|0x00000000c4e00000, 0x00000000c4e00000, 0x00000000c4f00000|  0%| F|  |TAMS 0x00000000c4e00000, 0x00000000c4e00000| Untracked 
|  31|0x00000000c4f00000, 0x00000000c4f00000, 0x00000000c5000000|  0%| F|  |TAMS 0x00000000c4f00000, 0x00000000c4f00000| Untracked 
|  32|0x00000000c5000000, 0x00000000c5000000, 0x00000000c5100000|  0%| F|  |TAMS 0x00000000c5000000, 0x00000000c5000000| Untracked 
|  33|0x00000000c5100000, 0x00000000c5100000, 0x00000000c5200000|  0%| F|  |TAMS 0x00000000c5100000, 0x00000000c5100000| Untracked 
|  34|0x00000000c5200000, 0x00000000c5200000, 0x00000000c5300000|  0%| F|  |TAMS 0x00000000c5200000, 0x00000000c5200000| Untracked 
|  35|0x00000000c5300000, 0x00000000c5300000, 0x00000000c5400000|  0%| F|  |TAMS 0x00000000c5300000, 0x00000000c5300000| Untracked 
|  36|0x00000000c5400000, 0x00000000c5400000, 0x00000000c5500000|  0%| F|  |TAMS 0x00000000c5400000, 0x00000000c5400000| Untracked 
|  37|0x00000000c5500000, 0x00000000c5500000, 0x00000000c5600000|  0%| F|  |TAMS 0x00000000c5500000, 0x00000000c5500000| Untracked 
|  38|0x00000000c5600000, 0x00000000c5600000, 0x00000000c5700000|  0%| F|  |TAMS 0x00000000c5600000, 0x00000000c5600000| Untracked 
|  39|0x00000000c5700000, 0x00000000c5700000, 0x00000000c5800000|  0%| F|  |TAMS 0x00000000c5700000, 0x00000000c5700000| Untracked 
|  40|0x00000000c5800000, 0x00000000c5800000, 0x00000000c5900000|  0%| F|  |TAMS 0x00000000c5800000, 0x00000000c5800000| Untracked 
|  41|0x00000000c5900000, 0x00000000c5900000, 0x00000000c5a00000|  0%| F|  |TAMS 0x00000000c5900000, 0x00000000c5900000| Untracked 
|  42|0x00000000c5a00000, 0x00000000c5a00000, 0x00000000c5b00000|  0%| F|  |TAMS 0x00000000c5a00000, 0x00000000c5a00000| Untracked 
|  43|0x00000000c5b00000, 0x00000000c5b00000, 0x00000000c5c00000|  0%| F|  |TAMS 0x00000000c5b00000, 0x00000000c5b00000| Untracked 
|  44|0x00000000c5c00000, 0x00000000c5c00000, 0x00000000c5d00000|  0%| F|  |TAMS 0x00000000c5c00000, 0x00000000c5c00000| Untracked 
|  45|0x00000000c5d00000, 0x00000000c5e00000, 0x00000000c5e00000|100%| S|CS|TAMS 0x00000000c5d00000, 0x00000000c5d00000| Complete 
|  46|0x00000000c5e00000, 0x00000000c5f00000, 0x00000000c5f00000|100%| S|CS|TAMS 0x00000000c5e00000, 0x00000000c5e00000| Complete 
|  47|0x00000000c5f00000, 0x00000000c5f00000, 0x00000000c6000000|  0%| F|  |TAMS 0x00000000c5f00000, 0x00000000c5f00000| Untracked 
|  48|0x00000000c6000000, 0x00000000c6000000, 0x00000000c6100000|  0%| F|  |TAMS 0x00000000c6000000, 0x00000000c6000000| Untracked 
|  49|0x00000000c6100000, 0x00000000c6100000, 0x00000000c6200000|  0%| F|  |TAMS 0x00000000c6100000, 0x00000000c6100000| Untracked 
|  50|0x00000000c6200000, 0x00000000c6200000, 0x00000000c6300000|  0%| F|  |TAMS 0x00000000c6200000, 0x00000000c6200000| Untracked 
|  51|0x00000000c6300000, 0x00000000c6300000, 0x00000000c6400000|  0%| F|  |TAMS 0x00000000c6300000, 0x00000000c6300000| Untracked 
|  52|0x00000000c6400000, 0x00000000c64f1d68, 0x00000000c6500000| 94%| E|  |TAMS 0x00000000c6400000, 0x00000000c6400000| Complete 
|  53|0x00000000c6500000, 0x00000000c6600000, 0x00000000c6600000|100%| E|CS|TAMS 0x00000000c6500000, 0x00000000c6500000| Complete 
|  54|0x00000000c6600000, 0x00000000c6700000, 0x00000000c6700000|100%| E|CS|TAMS 0x00000000c6600000, 0x00000000c6600000| Complete 
|  55|0x00000000c6700000, 0x00000000c6800000, 0x00000000c6800000|100%| E|CS|TAMS 0x00000000c6700000, 0x00000000c6700000| Complete 
|  56|0x00000000c6800000, 0x00000000c6900000, 0x00000000c6900000|100%| E|CS|TAMS 0x00000000c6800000, 0x00000000c6800000| Complete 
|  57|0x00000000c6900000, 0x00000000c6a00000, 0x00000000c6a00000|100%| E|CS|TAMS 0x00000000c6900000, 0x00000000c6900000| Complete 
|  58|0x00000000c6a00000, 0x00000000c6b00000, 0x00000000c6b00000|100%| E|CS|TAMS 0x00000000c6a00000, 0x00000000c6a00000| Complete 
|  59|0x00000000c6b00000, 0x00000000c6c00000, 0x00000000c6c00000|100%| E|CS|TAMS 0x00000000c6b00000, 0x00000000c6b00000| Complete 
|  60|0x00000000c6c00000, 0x00000000c6d00000, 0x00000000c6d00000|100%| E|CS|TAMS 0x00000000c6c00000, 0x00000000c6c00000| Complete 
|  61|0x00000000c6d00000, 0x00000000c6e00000, 0x00000000c6e00000|100%| E|CS|TAMS 0x00000000c6d00000, 0x00000000c6d00000| Complete 

Card table byte_map: [0x000002756c2f0000,0x000002756c4e0000] _byte_map_base: 0x000002756bcd8000

Marking Bits (Prev, Next): (CMBitMap*) 0x0000027557e5f4f0, (CMBitMap*) 0x0000027557e5f530
 Prev Bits: [0x000002756c6d0000, 0x000002756d610000)
 Next Bits: [0x000002756d610000, 0x000002756e550000)

Polling page: 0x0000027557cb0000

Metaspace:

Usage:
  Non-class:     14.06 MB used.
      Class:      1.85 MB used.
       Both:     15.91 MB used.

Virtual space:
  Non-class space:       64.00 MB reserved,      14.19 MB ( 22%) committed,  1 nodes.
      Class space:        1.00 GB reserved,       1.94 MB ( <1%) committed,  1 nodes.
             Both:        1.06 GB reserved,      16.12 MB (  1%) committed. 

Chunk freelists:
   Non-Class:  1005.00 KB
       Class:  14.05 MB
        Both:  15.03 MB

MaxMetaspaceSize: unlimited
CompressedClassSpaceSize: 1.00 GB
Initial GC threshold: 21.00 MB
Current GC threshold: 21.00 MB
CDS: off
MetaspaceReclaimPolicy: balanced
 - commit_granule_bytes: 65536.
 - commit_granule_words: 8192.
 - virtual_space_node_default_size: 8388608.
 - enlarge_chunks_in_place: 1.
 - new_chunks_are_fully_committed: 0.
 - uncommit_free_chunks: 1.
 - use_allocation_guard: 0.
 - handle_deallocations: 1.


Internal statistics:

num_allocs_failed_limit: 0.
num_arena_births: 76.
num_arena_deaths: 0.
num_vsnodes_births: 2.
num_vsnodes_deaths: 0.
num_space_committed: 258.
num_space_uncommitted: 0.
num_chunks_returned_to_freelist: 0.
num_chunks_taken_from_freelist: 298.
num_chunk_merges: 0.
num_chunk_splits: 198.
num_chunks_enlarged: 159.
num_inconsistent_stats: 0.

CodeHeap 'non-profiled nmethods': size=120000Kb used=464Kb max_used=464Kb free=119535Kb
 bounds [0x00000275645a0000, 0x0000027564810000, 0x000002756bad0000]
CodeHeap 'profiled nmethods': size=120000Kb used=2391Kb max_used=2391Kb free=117608Kb
 bounds [0x000002755cad0000, 0x000002755cd40000, 0x0000027564000000]
CodeHeap 'non-nmethods': size=5760Kb used=1161Kb max_used=1180Kb free=4599Kb
 bounds [0x0000027564000000, 0x0000027564270000, 0x00000275645a0000]
 total_blobs=1739 nmethods=1282 adapters=371
 compilation: enabled
              stopped_count=0, restarted_count=0
 full_count=0

Compilation events (20 events):
Event: 69.297 Thread 0x0000027575010f80 nmethod 1272 0x000002755cd20d10 code [0x000002755cd21000, 0x000002755cd223d8]
Event: 69.297 Thread 0x0000027575010f80 1273       3       java.util.concurrent.locks.AbstractQueuedSynchronizer$ConditionObject::signal (34 bytes)
Event: 69.298 Thread 0x0000027575010f80 nmethod 1273 0x000002755cd22c10 code [0x000002755cd22de0, 0x000002755cd23128]
Event: 69.298 Thread 0x0000027575010f80 1274       3       java.util.concurrent.ThreadPoolExecutor::ensurePrestart (41 bytes)
Event: 69.299 Thread 0x0000027575010f80 nmethod 1274 0x000002755cd23290 code [0x000002755cd23460, 0x000002755cd23738]
Event: 69.359 Thread 0x0000027575010f80 1275       3       java.util.concurrent.Executors$RunnableAdapter::call (14 bytes)
Event: 69.360 Thread 0x0000027575010f80 nmethod 1275 0x000002755cd23890 code [0x000002755cd23a40, 0x000002755cd23c28]
Event: 69.360 Thread 0x0000027575010f80 1276       3       org.gradle.internal.logging.console.ThrottlingOutputEventListener$1::run (27 bytes)
Event: 69.360 Thread 0x0000027575010f80 nmethod 1276 0x000002755cd23d10 code [0x000002755cd23ee0, 0x000002755cd24258]
Event: 69.360 Thread 0x0000027575010f80 1277       3       java.util.concurrent.ScheduledThreadPoolExecutor$ScheduledFutureTask::setNextRunTime (38 bytes)
Event: 69.361 Thread 0x0000027575010f80 nmethod 1277 0x000002755cd24490 code [0x000002755cd24640, 0x000002755cd24868]
Event: 69.361 Thread 0x0000027575010f80 1278       3       java.util.concurrent.ScheduledThreadPoolExecutor::reExecutePeriodic (49 bytes)
Event: 69.364 Thread 0x0000027575010f80 nmethod 1278 0x000002755cd24990 code [0x000002755cd24ba0, 0x000002755cd251e8]
Event: 69.364 Thread 0x0000027575010f80 1279       3       java.util.concurrent.ThreadPoolExecutor::afterExecute (1 bytes)
Event: 69.364 Thread 0x0000027575010f80 nmethod 1279 0x000002755cd25410 code [0x000002755cd255a0, 0x000002755cd256b8]
Event: 71.126 Thread 0x0000027575010f80 1281       3       java.util.concurrent.locks.AbstractQueuedSynchronizer$Node::setStatusRelaxed (12 bytes)
Event: 71.126 Thread 0x0000027575010f80 nmethod 1281 0x000002755cd25790 code [0x000002755cd25920, 0x000002755cd25a38]
Event: 71.224 Thread 0x0000027575010f80 1282       3       java.util.concurrent.locks.AbstractQueuedSynchronizer$Node::clearStatus (12 bytes)
Event: 71.248 Thread 0x0000027575010f80 nmethod 1282 0x000002755cd25b10 code [0x000002755cd25cc0, 0x000002755cd25e48]
Event: 71.249 Thread 0x0000027575010f80 1283   !   3       java.util.concurrent.locks.AbstractQueuedSynchronizer::acquire (407 bytes)

GC Heap History (4 events):
Event: 24.024 GC heap before
{Heap before GC invocations=0 (full 0):
 garbage-first heap   total 63488K, used 13312K [0x00000000c3000000, 0x0000000100000000)
  region size 1024K, 13 young (13312K), 0 survivors (0K)
 Metaspace       used 8586K, committed 8768K, reserved 1114112K
  class space    used 765K, committed 832K, reserved 1048576K
}
Event: 24.226 GC heap after
{Heap after GC invocations=1 (full 0):
 garbage-first heap   total 63488K, used 3440K [0x00000000c3000000, 0x0000000100000000)
  region size 1024K, 2 young (2048K), 2 survivors (2048K)
 Metaspace       used 8586K, committed 8768K, reserved 1114112K
  class space    used 765K, committed 832K, reserved 1048576K
}
Event: 31.369 GC heap before
{Heap before GC invocations=1 (full 0):
 garbage-first heap   total 63488K, used 18800K [0x00000000c3000000, 0x0000000100000000)
  region size 1024K, 15 young (15360K), 2 survivors (2048K)
 Metaspace       used 12316K, committed 12544K, reserved 1114112K
  class space    used 1366K, committed 1472K, reserved 1048576K
}
Event: 31.376 GC heap after
{Heap after GC invocations=2 (full 0):
 garbage-first heap   total 63488K, used 10097K [0x00000000c3000000, 0x0000000100000000)
  region size 1024K, 2 young (2048K), 2 survivors (2048K)
 Metaspace       used 12316K, committed 12544K, reserved 1114112K
  class space    used 1366K, committed 1472K, reserved 1048576K
}

Dll operation events (2 events):
Event: 0.028 Loaded shared library C:\Program Files\Android\Android Studio\jbr\bin\java.dll
Event: 0.867 Loaded shared library C:\Program Files\Android\Android Studio\jbr\bin\verify.dll

Deoptimization events (20 events):
Event: 32.203 Thread 0x0000027557e244e0 Uncommon trap: trap_request=0xffffffc6 fr.pc=0x00000275645fb3f4 relative=0x0000000000000594
Event: 32.203 Thread 0x0000027557e244e0 Uncommon trap: reason=bimorphic_or_optimized_type_check action=maybe_recompile pc=0x00000275645fb3f4 method=java.util.concurrent.ConcurrentHashMap.get(Ljava/lang/Object;)Ljava/lang/Object; @ 149 c2
Event: 32.203 Thread 0x0000027557e244e0 DEOPT PACKING pc=0x00000275645fb3f4 sp=0x000000d88f7fbb10
Event: 32.203 Thread 0x0000027557e244e0 DEOPT UNPACKING pc=0x000002756405699d sp=0x000000d88f7fbab0 mode 2
Event: 32.426 Thread 0x0000027557e244e0 Uncommon trap: trap_request=0xffffff45 fr.pc=0x00000275645ea14c relative=0x0000000000001b0c
Event: 32.426 Thread 0x0000027557e244e0 Uncommon trap: reason=unstable_if action=reinterpret pc=0x00000275645ea14c method=java.io.WinNTFileSystem.normalize(Ljava/lang/String;)Ljava/lang/String; @ 128 c2
Event: 32.426 Thread 0x0000027557e244e0 DEOPT PACKING pc=0x00000275645ea14c sp=0x000000d88f7fbb20
Event: 32.426 Thread 0x0000027557e244e0 DEOPT UNPACKING pc=0x000002756405699d sp=0x000000d88f7fbb08 mode 2
Event: 33.141 Thread 0x0000027557e244e0 Uncommon trap: trap_request=0xffffff45 fr.pc=0x0000027564608908 relative=0x0000000000000088
Event: 33.141 Thread 0x0000027557e244e0 Uncommon trap: reason=unstable_if action=reinterpret pc=0x0000027564608908 method=java.lang.invoke.VarForm.getMemberName(I)Ljava/lang/invoke/MemberName; @ 8 c2
Event: 33.141 Thread 0x0000027557e244e0 DEOPT PACKING pc=0x0000027564608908 sp=0x000000d88f7fbaa0
Event: 33.141 Thread 0x0000027557e244e0 DEOPT UNPACKING pc=0x000002756405699d sp=0x000000d88f7fba38 mode 2
Event: 33.187 Thread 0x0000027557e244e0 Uncommon trap: trap_request=0xffffff45 fr.pc=0x00000275645d4cf4 relative=0x00000000000005b4
Event: 33.187 Thread 0x0000027557e244e0 Uncommon trap: reason=unstable_if action=reinterpret pc=0x00000275645d4cf4 method=java.lang.AbstractStringBuilder.append(Ljava/lang/String;)Ljava/lang/AbstractStringBuilder; @ 1 c2
Event: 33.187 Thread 0x0000027557e244e0 DEOPT PACKING pc=0x00000275645d4cf4 sp=0x000000d88f7fc8b0
Event: 33.187 Thread 0x0000027557e244e0 DEOPT UNPACKING pc=0x000002756405699d sp=0x000000d88f7fc830 mode 2
Event: 33.189 Thread 0x0000027557e244e0 Uncommon trap: trap_request=0xffffff45 fr.pc=0x00000275645e1bf4 relative=0x00000000000005b4
Event: 33.189 Thread 0x0000027557e244e0 Uncommon trap: reason=unstable_if action=reinterpret pc=0x00000275645e1bf4 method=java.lang.AbstractStringBuilder.append(Ljava/lang/String;)Ljava/lang/AbstractStringBuilder; @ 1 c2
Event: 33.189 Thread 0x0000027557e244e0 DEOPT PACKING pc=0x00000275645e1bf4 sp=0x000000d88f7fc850
Event: 33.189 Thread 0x0000027557e244e0 DEOPT UNPACKING pc=0x000002756405699d sp=0x000000d88f7fc838 mode 2

Classes unloaded (0 events):
No events

Classes redefined (0 events):
No events

Internal exceptions (18 events):
Event: 6.135 Thread 0x0000027557e244e0 Exception <a 'java/lang/NoSuchMethodError'{0x00000000c6a19878}: 'int java.lang.invoke.DirectMethodHandle$Holder.invokeStaticInit(java.lang.Object, java.lang.Object)'> (0x00000000c6a19878) 
thrown [s\src\hotspot\share\interpreter\linkResolver.cpp, line 771]
Event: 30.443 Thread 0x0000027557e244e0 Exception <a 'java/lang/NoSuchMethodError'{0x00000000c6658520}: 'void java.lang.invoke.DirectMethodHandle$Holder.invokeStatic(java.lang.Object, java.lang.Object)'> (0x00000000c6658520) 
thrown [s\src\hotspot\share\interpreter\linkResolver.cpp, line 771]
Event: 30.543 Thread 0x0000027557e244e0 Exception <a 'java/lang/NoClassDefFoundError'{0x00000000c66e0850}: org/slf4j/impl/StaticMarkerBinder> (0x00000000c66e0850) 
thrown [s\src\hotspot\share\classfile\systemDictionary.cpp, line 245]
Event: 30.609 Thread 0x0000027557e244e0 Exception <a 'java/lang/NoSuchMethodError'{0x00000000c657c208}: 'java.lang.Object java.lang.invoke.DirectMethodHandle$Holder.invokeVirtual(java.lang.Object, java.lang.Object, java.lang.Object, java.lang.Object, java.lang.Object, java.lang.Object, java.lang.Object)'> (0x00000000c657c208) 
thrown [s\src\hotspot\share\interpreter\linkResolver.cpp, line 771]
Event: 30.617 Thread 0x0000027557e244e0 Exception <a 'java/lang/NoSuchMethodError'{0x00000000c658dff0}: 'java.lang.Object java.lang.invoke.Invokers$Holder.invoker(java.lang.Object, java.lang.Object, java.lang.Object)'> (0x00000000c658dff0) 
thrown [s\src\hotspot\share\interpreter\linkResolver.cpp, line 771]
Event: 30.636 Thread 0x0000027557e244e0 Exception <a 'java/lang/NoSuchMethodError'{0x00000000c6597098}: 'java.lang.Object java.lang.invoke.DirectMethodHandle$Holder.invokeStatic(java.lang.Object, java.lang.Object, int)'> (0x00000000c6597098) 
thrown [s\src\hotspot\share\interpreter\linkResolver.cpp, line 771]
Event: 30.644 Thread 0x0000027557e244e0 Exception <a 'java/lang/NoSuchMethodError'{0x00000000c65a2d88}: 'void java.lang.invoke.DelegatingMethodHandle$Holder.delegate(java.lang.Object, java.lang.Object, int, java.lang.Object)'> (0x00000000c65a2d88) 
thrown [s\src\hotspot\share\interpreter\linkResolver.cpp, line 771]
Event: 30.645 Thread 0x0000027557e244e0 Exception <a 'java/lang/NoSuchMethodError'{0x00000000c65a6ed0}: 'int java.lang.invoke.DirectMethodHandle$Holder.invokeSpecial(java.lang.Object, java.lang.Object, java.lang.Object)'> (0x00000000c65a6ed0) 
thrown [s\src\hotspot\share\interpreter\linkResolver.cpp, line 771]
Event: 30.662 Thread 0x0000027557e244e0 Exception <a 'java/lang/NoSuchMethodError'{0x00000000c65ba088}: 'java.lang.Object java.lang.invoke.Invokers$Holder.invokeExact_MT(java.lang.Object, java.lang.Object, java.lang.Object, java.lang.Object)'> (0x00000000c65ba088) 
thrown [s\src\hotspot\share\interpreter\linkResolver.cpp, line 771]
Event: 31.362 Thread 0x0000027557e244e0 Exception <a 'java/lang/NoSuchMethodError'{0x00000000c61f64e0}: 'void java.lang.invoke.DirectMethodHandle$Holder.invokeSpecial(java.lang.Object, java.lang.Object, java.lang.Object)'> (0x00000000c61f64e0) 
thrown [s\src\hotspot\share\interpreter\linkResolver.cpp, line 771]
Event: 31.614 Thread 0x0000027557e244e0 Implicit null exception at 0x00000275645ebc0f to 0x00000275645ec148
Event: 31.614 Thread 0x0000027557e244e0 Implicit null exception at 0x00000275645da98f to 0x00000275645daebc
Event: 31.729 Thread 0x0000027557e244e0 Exception <a 'java/lang/NoSuchMethodError'{0x00000000c6cad8c0}: 'java.lang.Object java.lang.invoke.DirectMethodHandle$Holder.invokeStaticInit(java.lang.Object)'> (0x00000000c6cad8c0) 
thrown [s\src\hotspot\share\interpreter\linkResolver.cpp, line 771]
Event: 32.144 Thread 0x0000027557e244e0 Exception <a 'java/lang/NoSuchMethodError'{0x00000000c68d51e8}: 'java.lang.Object java.lang.invoke.DirectMethodHandle$Holder.invokeStaticInit(java.lang.Object, int, int, int, int)'> (0x00000000c68d51e8) 
thrown [s\src\hotspot\share\interpreter\linkResolver.cpp, line 771]
Event: 32.783 Thread 0x0000027557e244e0 Exception <a 'java/lang/NoSuchMethodError'{0x00000000c67aea08}: 'java.lang.Object java.lang.invoke.DirectMethodHandle$Holder.invokeStaticInit(java.lang.Object, java.lang.Object, int, int, int, int)'> (0x00000000c67aea08) 
thrown [s\src\hotspot\share\interpreter\linkResolver.cpp, line 771]
Event: 33.136 Thread 0x0000027557e244e0 Exception <a 'java/lang/NoSuchMethodError'{0x00000000c67dcf58}: 'void java.lang.invoke.DirectMethodHandle$Holder.invokeStatic(java.lang.Object, java.lang.Object, java.lang.Object)'> (0x00000000c67dcf58) 
thrown [s\src\hotspot\share\interpreter\linkResolver.cpp, line 771]
Event: 33.187 Thread 0x0000027557e244e0 Implicit null exception at 0x00000275645d4772 to 0x00000275645d4ce0
Event: 33.189 Thread 0x0000027557e244e0 Implicit null exception at 0x00000275645e1672 to 0x00000275645e1be0

VM Operations (20 events):
Event: 31.994 Executing VM operation: HandshakeAllThreads
Event: 31.994 Executing VM operation: HandshakeAllThreads done
Event: 32.436 Executing VM operation: HandshakeAllThreads
Event: 32.436 Executing VM operation: HandshakeAllThreads done
Event: 32.436 Executing VM operation: Cleanup
Event: 32.436 Executing VM operation: Cleanup done
Event: 33.437 Executing VM operation: Cleanup
Event: 33.438 Executing VM operation: Cleanup done
Event: 34.445 Executing VM operation: Cleanup
Event: 34.445 Executing VM operation: Cleanup done
Event: 36.452 Executing VM operation: Cleanup
Event: 36.452 Executing VM operation: Cleanup done
Event: 49.572 Executing VM operation: Cleanup
Event: 49.572 Executing VM operation: Cleanup done
Event: 57.611 Executing VM operation: Cleanup
Event: 57.611 Executing VM operation: Cleanup done
Event: 60.157 Executing VM operation: HandshakeAllThreads
Event: 60.157 Executing VM operation: HandshakeAllThreads done
Event: 70.238 Executing VM operation: Cleanup
Event: 70.238 Executing VM operation: Cleanup done

Events (20 events):
Event: 37.082 loading class jdk/internal/reflect/ByteVectorFactory
Event: 37.082 loading class jdk/internal/reflect/ByteVectorFactory done
Event: 37.082 loading class jdk/internal/reflect/ByteVectorImpl
Event: 37.083 loading class jdk/internal/reflect/ByteVector
Event: 37.083 loading class jdk/internal/reflect/ByteVector done
Event: 37.083 loading class jdk/internal/reflect/ByteVectorImpl done
Event: 37.083 loading class jdk/internal/reflect/ClassFileAssembler
Event: 37.084 loading class jdk/internal/reflect/ClassFileAssembler done
Event: 37.084 loading class jdk/internal/reflect/UTF8
Event: 37.084 loading class jdk/internal/reflect/UTF8 done
Event: 37.086 loading class jdk/internal/reflect/Label
Event: 37.087 loading class jdk/internal/reflect/Label done
Event: 37.087 loading class jdk/internal/reflect/Label$PatchInfo
Event: 37.087 loading class jdk/internal/reflect/Label$PatchInfo done
Event: 37.087 loading class jdk/internal/reflect/MethodAccessorGenerator$1
Event: 37.088 loading class jdk/internal/reflect/MethodAccessorGenerator$1 done
Event: 37.088 loading class jdk/internal/reflect/ClassDefiner
Event: 37.088 loading class jdk/internal/reflect/ClassDefiner done
Event: 37.088 loading class jdk/internal/reflect/ClassDefiner$1
Event: 37.089 loading class jdk/internal/reflect/ClassDefiner$1 done


Dynamic libraries:
0x00007ff770b30000 - 0x00007ff770b3a000 	C:\Program Files\Android\Android Studio\jbr\bin\java.exe
0x00007ffc73db0000 - 0x00007ffc73fc7000 	C:\WINDOWS\SYSTEM32\ntdll.dll
0x00007ffc410f0000 - 0x00007ffc4110a000 	C:\Program Files\Avast Software\Avast\aswhook.dll
0x00007ffc72850000 - 0x00007ffc72914000 	C:\WINDOWS\System32\KERNEL32.DLL
0x00007ffc71420000 - 0x00007ffc717cd000 	C:\WINDOWS\System32\KERNELBASE.dll
0x00007ffc712d0000 - 0x00007ffc713e1000 	C:\WINDOWS\System32\ucrtbase.dll
0x00007ffc4aa80000 - 0x00007ffc4aa97000 	C:\Program Files\Android\Android Studio\jbr\bin\jli.dll
0x00007ffc73ab0000 - 0x00007ffc73c5e000 	C:\WINDOWS\System32\USER32.dll
0x00007ffc713f0000 - 0x00007ffc71416000 	C:\WINDOWS\System32\win32u.dll
0x00007ffc73d40000 - 0x00007ffc73d69000 	C:\WINDOWS\System32\GDI32.dll
0x00007ffc717d0000 - 0x00007ffc718e9000 	C:\WINDOWS\System32\gdi32full.dll
0x00007ffc71230000 - 0x00007ffc712ca000 	C:\WINDOWS\System32\msvcp_win.dll
0x00007ffc4a010000 - 0x00007ffc4a02b000 	C:\Program Files\Android\Android Studio\jbr\bin\VCRUNTIME140.dll
0x00007ffc55d00000 - 0x00007ffc55f93000 	C:\WINDOWS\WinSxS\amd64_microsoft.windows.common-controls_6595b64144ccf1df_6.0.22621.3672_none_2713b9d173822955\COMCTL32.dll
0x00007ffc73980000 - 0x00007ffc73a27000 	C:\WINDOWS\System32\msvcrt.dll
0x00007ffc737e0000 - 0x00007ffc73811000 	C:\WINDOWS\System32\IMM32.DLL
0x00007ffc52930000 - 0x00007ffc5293c000 	C:\Program Files\Android\Android Studio\jbr\bin\vcruntime140_1.dll
0x00007ffc27db0000 - 0x00007ffc27e3d000 	C:\Program Files\Android\Android Studio\jbr\bin\msvcp140.dll
0x00007ffba1cd0000 - 0x00007ffba2953000 	C:\Program Files\Android\Android Studio\jbr\bin\server\jvm.dll
0x00007ffc72060000 - 0x00007ffc72112000 	C:\WINDOWS\System32\ADVAPI32.dll
0x00007ffc71df0000 - 0x00007ffc71e99000 	C:\WINDOWS\System32\sechost.dll
0x00007ffc710d0000 - 0x00007ffc710f8000 	C:\WINDOWS\System32\bcrypt.dll
0x00007ffc736c0000 - 0x00007ffc737d4000 	C:\WINDOWS\System32\RPCRT4.dll
0x00007ffc50640000 - 0x00007ffc50649000 	C:\WINDOWS\SYSTEM32\WSOCK32.dll
0x00007ffc73a30000 - 0x00007ffc73aa1000 	C:\WINDOWS\System32\WS2_32.dll
0x00007ffc69520000 - 0x00007ffc69554000 	C:\WINDOWS\SYSTEM32\WINMM.dll
0x00007ffc69fd0000 - 0x00007ffc69fda000 	C:\WINDOWS\SYSTEM32\VERSION.dll
0x00007ffc70f90000 - 0x00007ffc70fdd000 	C:\WINDOWS\SYSTEM32\POWRPROF.dll
0x00007ffc70f70000 - 0x00007ffc70f83000 	C:\WINDOWS\SYSTEM32\UMPDC.dll
0x00007ffc70100000 - 0x00007ffc70118000 	C:\WINDOWS\SYSTEM32\kernel.appcore.dll
0x00007ffc528f0000 - 0x00007ffc528fa000 	C:\Program Files\Android\Android Studio\jbr\bin\jimage.dll
0x00007ffc6ea50000 - 0x00007ffc6ec82000 	C:\WINDOWS\SYSTEM32\DBGHELP.DLL
0x00007ffc73190000 - 0x00007ffc7351d000 	C:\WINDOWS\System32\combase.dll
0x00007ffc73540000 - 0x00007ffc73617000 	C:\WINDOWS\System32\OLEAUT32.dll
0x00007ffc626e0000 - 0x00007ffc62712000 	C:\WINDOWS\SYSTEM32\dbgcore.DLL
0x00007ffc71a60000 - 0x00007ffc71adb000 	C:\WINDOWS\System32\bcryptPrimitives.dll
0x00007ffc48db0000 - 0x00007ffc48dd5000 	C:\Program Files\Android\Android Studio\jbr\bin\java.dll
0x00007ffc49d40000 - 0x00007ffc49d58000 	C:\Program Files\Android\Android Studio\jbr\bin\zip.dll
0x00007ffc72920000 - 0x00007ffc73187000 	C:\WINDOWS\System32\SHELL32.dll
0x00007ffc6f020000 - 0x00007ffc6f91e000 	C:\WINDOWS\SYSTEM32\windows.storage.dll
0x00007ffc6eee0000 - 0x00007ffc6f01f000 	C:\WINDOWS\SYSTEM32\wintypes.dll
0x00007ffc71c90000 - 0x00007ffc71d89000 	C:\WINDOWS\System32\SHCORE.dll
0x00007ffc71d90000 - 0x00007ffc71dee000 	C:\WINDOWS\System32\shlwapi.dll
0x00007ffc71000000 - 0x00007ffc71021000 	C:\WINDOWS\SYSTEM32\profapi.dll
0x00007ffc4a9d0000 - 0x00007ffc4a9e9000 	C:\Program Files\Android\Android Studio\jbr\bin\net.dll
0x00007ffc69770000 - 0x00007ffc698a6000 	C:\WINDOWS\SYSTEM32\WINHTTP.dll
0x00007ffc70570000 - 0x00007ffc705d9000 	C:\WINDOWS\system32\mswsock.dll
0x00007ffc49410000 - 0x00007ffc49426000 	C:\Program Files\Android\Android Studio\jbr\bin\nio.dll
0x00007ffc52570000 - 0x00007ffc52580000 	C:\Program Files\Android\Android Studio\jbr\bin\verify.dll
0x00007ffc4ab10000 - 0x00007ffc4ab37000 	C:\Users\User\.gradle\native\c067742578af261105cb4f569cf0c3c89f3d7b1fecec35dd04571415982c5e48\windows-amd64\native-platform.dll
0x00007ffc6b2e0000 - 0x00007ffc6b2e9000 	C:\Program Files\Android\Android Studio\jbr\bin\management.dll
0x00007ffc69560000 - 0x00007ffc6956b000 	C:\Program Files\Android\Android Studio\jbr\bin\management_ext.dll
0x00007ffc71bf0000 - 0x00007ffc71bf8000 	C:\WINDOWS\System32\PSAPI.DLL
0x00007ffc707d0000 - 0x00007ffc707eb000 	C:\WINDOWS\SYSTEM32\CRYPTSP.dll
0x00007ffc70060000 - 0x00007ffc70095000 	C:\WINDOWS\system32\rsaenh.dll
0x00007ffc70670000 - 0x00007ffc70698000 	C:\WINDOWS\SYSTEM32\USERENV.dll
0x00007ffc707f0000 - 0x00007ffc707fc000 	C:\WINDOWS\SYSTEM32\CRYPTBASE.dll
0x00007ffc6fb80000 - 0x00007ffc6fbad000 	C:\WINDOWS\SYSTEM32\IPHLPAPI.DLL
0x00007ffc71be0000 - 0x00007ffc71be9000 	C:\WINDOWS\System32\NSI.dll
0x00007ffc69fe0000 - 0x00007ffc69ff9000 	C:\WINDOWS\SYSTEM32\dhcpcsvc6.DLL
0x00007ffc69750000 - 0x00007ffc6976f000 	C:\WINDOWS\SYSTEM32\dhcpcsvc.DLL
0x00007ffc6fbf0000 - 0x00007ffc6fce8000 	C:\WINDOWS\SYSTEM32\DNSAPI.dll
0x00007ffc54dc0000 - 0x00007ffc54dc8000 	C:\WINDOWS\system32\wshunix.dll

dbghelp: loaded successfully - version: 4.0.5 - missing functions: none
symbol engine: initialized successfully - sym options: 0x614 - pdb path: .;C:\Program Files\Android\Android Studio\jbr\bin;C:\WINDOWS\SYSTEM32;C:\Program Files\Avast Software\Avast;C:\WINDOWS\WinSxS\amd64_microsoft.windows.common-controls_6595b64144ccf1df_6.0.22621.3672_none_2713b9d173822955;C:\Program Files\Android\Android Studio\jbr\bin\server;C:\Users\User\.gradle\native\c067742578af261105cb4f569cf0c3c89f3d7b1fecec35dd04571415982c5e48\windows-amd64

VM Arguments:
jvm_args: -Dorg.gradle.appname=gradlew 
java_command: org.gradle.wrapper.GradleWrapperMain -q -Ptarget-platform=android-arm64 -Ptarget=C:\Users\User\benny\lib\main.dart -Pbase-application-name=android.app.Application -Pdart-defines=RkxVVFRFUl9XRUJfQVVUT19ERVRFQ1Q9dHJ1ZQ==,RkxVVFRFUl9XRUJfQ0FOVkFTS0lUX1VSTD1odHRwczovL3d3dy5nc3RhdGljLmNvbS9mbHV0dGVyLWNhbnZhc2tpdC9jNGNkNDhlMTg2NDYwYjMyZDQ0NTg1Y2UzYzEwMzI3MWFiNjc2MzU1Lw== -Pdart-obfuscation=false -Ptrack-widget-creation=true -Ptree-shake-icons=false -Pfilesystem-scheme=org-dartlang-root assembleDebug
java_class_path (initial): C:\Users\User\benny\android\\gradle\wrapper\gradle-wrapper.jar
Launcher Type: SUN_STANDARD

[Global flags]
     intx CICompilerCount                          = 3                                         {product} {ergonomic}
     uint ConcGCThreads                            = 1                                         {product} {ergonomic}
     uint G1ConcRefinementThreads                  = 4                                         {product} {ergonomic}
   size_t G1HeapRegionSize                         = 1048576                                   {product} {ergonomic}
    uintx GCDrainStackTargetSize                   = 64                                        {product} {ergonomic}
   size_t InitialHeapSize                          = 65011712                                  {product} {ergonomic}
   size_t MarkStackSize                            = 4194304                                   {product} {ergonomic}
   size_t MaxHeapSize                              = 1023410176                                {product} {ergonomic}
   size_t MaxNewSize                               = 613416960                                 {product} {ergonomic}
   size_t MinHeapDeltaBytes                        = 1048576                                   {product} {ergonomic}
   size_t MinHeapSize                              = 8388608                                   {product} {ergonomic}
    uintx NonNMethodCodeHeapSize                   = 5832780                                {pd product} {ergonomic}
    uintx NonProfiledCodeHeapSize                  = 122912730                              {pd product} {ergonomic}
    uintx ProfiledCodeHeapSize                     = 122912730                              {pd product} {ergonomic}
    uintx ReservedCodeCacheSize                    = 251658240                              {pd product} {ergonomic}
     bool SegmentedCodeCache                       = true                                      {product} {ergonomic}
   size_t SoftMaxHeapSize                          = 1023410176                             {manageable} {ergonomic}
     bool UseCompressedClassPointers               = true                           {product lp64_product} {ergonomic}
     bool UseCompressedOops                        = true                           {product lp64_product} {ergonomic}
     bool UseG1GC                                  = true                                      {product} {ergonomic}
     bool UseLargePagesIndividualAllocation        = false                                  {pd product} {ergonomic}

Logging:
Log output configuration:
 #0: stdout all=warning uptime,level,tags
 #1: stderr all=off uptime,level,tags

Environment Variables:
JAVA_HOME=C:\Program Files\Android\Android Studio\jbr
CLASSPATH=C:\Users\User\benny\android\\gradle\wrapper\gradle-wrapper.jar
PATH=C:\Program Files\Android\Android Studio\jbr\bin;C:\windows\system32;C:\windows;C:\windows\System32\Wbem;C:\windows\System32\WindowsPowerShell\v1.0\;C:\windows\System32\OpenSSH\;C:\Program Files\HP\HP One Agent;C:\Program Files\Git\cmd;C:\Program Files\nodejs\;%SystemRoot%\system32;%SystemRoot%;%SystemRoot%\System32\Wbem;%SYSTEMROOT%\System32\WindowsPowerShell\v1.0\;%SYSTEMROOT%\System32\OpenSSH\;C:\Users\User\AppData\Local\Microsoft\WindowsApps;C:\Users\User\AppData\Local\Programs\Microsoft VS Code\bin;C:\Users\User\Desktop\flutter\bin;C:\Program Files\Git\bin;C:\Users\User\AppData\Local\Pub\Cache\bin;C:\Users\User\AppData\Roaming\npm;;C:\Users\User\Desktop\flutter\bin\mingit\cmd;C:\Users\User\Desktop\flutter\bin\mingit\cmd
USERNAME=User
OS=Windows_NT
PROCESSOR_IDENTIFIER=Intel64 Family 6 Model 142 Stepping 12, GenuineIntel
TMP=C:\Users\User\AppData\Local\Temp
TEMP=C:\Users\User\AppData\Local\Temp



Periodic native trim disabled

JNI global refs:
JNI global refs: 18, weak refs: 0

JNI global refs memory usage: 843, weak refs: 209

OOME stack traces (most recent first):
Classloader memory used:
Loader bootstrap                                                                       : 1510K
Loader org.gradle.internal.classloader.VisitableURLClassLoader                         : 468K
Loader java.net.URLClassLoader                                                         : 26124B
Loader jdk.internal.loader.ClassLoaders$AppClassLoader                                 : 18431B
Loader jdk.internal.loader.ClassLoaders$PlatformClassLoader                            : 14150B
Loader jdk.internal.reflect.DelegatingClassLoader                                      : 439B

Classes loaded by more than one classloader:
Class org.gradle.internal.installation.GradleInstallation                             : loaded 2 times (x 73B)
Class org.gradle.cli.ParsedCommandLine                                                : loaded 2 times (x 78B)
Class org.gradle.internal.classpath.ClassPath                                         : loaded 2 times (x 68B)
Class org.gradle.api.Action                                                           : loaded 2 times (x 68B)
Class org.gradle.cli.CommandLineParser$OptionString                                   : loaded 2 times (x 71B)
Class org.gradle.internal.installation.GradleInstallation$1                           : loaded 2 times (x 73B)
Class org.gradle.cli.CommandLineParser$AfterOptions                                   : loaded 2 times (x 75B)
Class org.gradle.cli.CommandLineParser$AfterFirstSubCommand                           : loaded 2 times (x 75B)
Class org.gradle.internal.service.UnknownServiceException                             : loaded 2 times (x 81B)
Class org.gradle.api.GradleException                                                  : loaded 2 times (x 80B)
Class org.gradle.api.internal.classpath.ModuleRegistry                                : loaded 2 times (x 68B)
Class org.gradle.cli.CommandLineParser$KnownOptionParserState                         : loaded 2 times (x 74B)
Class org.gradle.cli.AbstractPropertiesCommandLineConverter                           : loaded 2 times (x 81B)
Class org.gradle.api.specs.Spec                                                       : loaded 2 times (x 68B)
Class org.gradle.cli.SystemPropertiesCommandLineConverter                             : loaded 2 times (x 81B)
Class org.gradle.internal.IoActions                                                   : loaded 2 times (x 69B)
Class org.gradle.internal.installation.CurrentGradleInstallation                      : loaded 2 times (x 71B)
Class org.gradle.internal.installation.CurrentGradleInstallationLocator               : loaded 2 times (x 69B)
Class org.gradle.internal.classpath.DefaultClassPath                                  : loaded 2 times (x 88B)
Class org.gradle.api.Transformer                                                      : loaded 2 times (x 68B)
Class org.gradle.cli.CommandLineParser                                                : loaded 2 times (x 77B)
Class org.gradle.cli.CommandLineParser$BeforeFirstSubCommand                          : loaded 2 times (x 75B)
Class org.gradle.cli.CommandLineOption                                                : loaded 2 times (x 84B)
Class org.gradle.cli.CommandLineParser$ParserState                                    : loaded 2 times (x 74B)
Class org.gradle.cli.CommandLineParser$MissingOptionArgState                          : loaded 2 times (x 75B)
Class org.gradle.api.UncheckedIOException                                             : loaded 2 times (x 80B)
Class org.gradle.cli.ParsedCommandLineOption                                          : loaded 2 times (x 74B)
Class org.gradle.internal.classloader.ClasspathUtil                                   : loaded 2 times (x 69B)
Class org.gradle.cli.CommandLineParser$UnknownOptionParserState                       : loaded 2 times (x 74B)
Class org.gradle.internal.service.ServiceLookupException                              : loaded 2 times (x 80B)
Class org.gradle.util.internal.GUtil                                                  : loaded 2 times (x 69B)
Class org.gradle.cli.CommandLineParser$OptionAwareParserState                         : loaded 2 times (x 75B)
Class org.gradle.cli.CommandLineParser$OptionParserState                              : loaded 2 times (x 73B)
Class org.gradle.internal.Cast                                                        : loaded 2 times (x 69B)
Class org.gradle.cli.CommandLineConverter                                             : loaded 2 times (x 68B)
Class org.gradle.internal.classpath.DefaultClassPath$ImmutableUniqueList              : loaded 2 times (x 159B)
Class org.gradle.cli.AbstractCommandLineConverter                                     : loaded 2 times (x 77B)
Class org.gradle.cli.CommandLineArgumentException                                     : loaded 2 times (x 80B)


---------------  S Y S T E M  ---------------

OS:
 Windows 11 , 64 bit Build 22621 (10.0.22621.3958)
OS uptime: 0 days 6:29 hours

CPU: total 4 (initial active 4) (2 cores per cpu, 2 threads per core) family 6 model 142 stepping 12 microcode 0xea, cx8, cmov, fxsr, ht, mmx, 3dnowpref, sse, sse2, sse3, ssse3, sse4.1, sse4.2, popcnt, lzcnt, tsc, tscinvbit, aes, erms, clmul, clflush, clflushopt
Processor Information for all 4 processors :
  Max Mhz: 2400, Current Mhz: 2400, Mhz Limit: 2400

Memory: 4k page, system-wide physical 3900M (79M free)
TotalPageFile size 15676M (AvailPageFile size 0M)
current process WorkingSet (physical memory assigned to process): 19M, peak: 70M
current process commit charge ("private bytes"): 149M, peak: 151M

vm_info: OpenJDK 64-Bit Server VM (17.0.9+0--11185874) for windows-amd64 JRE (17.0.9+0--11185874), built on Dec  6 2023 18:57:44 by "androidbuild" with MS VC++ 16.10 / 16.11 (VS2019)

END.
